#
# There is insufficient memory for the Java Runtime Environment to continue.
# Native memory allocation (malloc) failed to allocate 1051696 bytes for Chunk::new
# Possible reasons:
#   The system is out of physical RAM or swap space
#   The process is running with CompressedOops enabled, and the Java Heap may be blocking the growth of the native heap
# Possible solutions:
#   Reduce memory load on the system
#   Increase physical memory or swap space
#   Check if swap backing store is full
#   Decrease Java heap size (-Xmx/-Xms)
#   Decrease number of Java threads
#   Decrease Java thread stack sizes (-Xss)
#   Set larger code cache with -XX:ReservedCodeCacheSize=
#   JVM is running with Unscaled Compressed Oops mode in which the Java heap is
#     placed in the first 4GB address space. The Java Heap base address is the
#     maximum limit for the native heap growth. Please use -XX:HeapBaseMinAddress
#     to set the Java Heap base and to place the Java Heap above 4GB virtual address.
# This output file may be truncated or incomplete.
#
#  Out of Memory Error (./open/src/hotspot/share/memory/arena.cpp:197), pid=10288, tid=15076
#
# JRE version: Java(TM) SE Runtime Environment 18.9 (11.0.18+9) (build 11.0.18+9-LTS-195)
# Java VM: Java HotSpot(TM) 64-Bit Server VM 18.9 (11.0.18+9-LTS-195, mixed mode, tiered, compressed oops, g1 gc, windows-amd64)
# No core dump will be written. Minidumps are not enabled by default on client versions of Windows
#

---------------  S U M M A R Y ------------

Command Line: -XX:MaxMetaspaceSize=512m --add-opens=java.base/java.util=ALL-UNNAMED --add-opens=java.base/java.lang=ALL-UNNAMED --add-opens=java.base/java.lang.invoke=ALL-UNNAMED --add-opens=java.base/java.util=ALL-UNNAMED --add-opens=java.prefs/java.util.prefs=ALL-UNNAMED --add-opens=java.prefs/java.util.prefs=ALL-UNNAMED --add-opens=java.base/java.nio.charset=ALL-UNNAMED --add-opens=java.base/java.net=ALL-UNNAMED --add-opens=java.base/java.util.concurrent.atomic=ALL-UNNAMED -Xmx2048m -Dfile.encoding=windows-1252 -Duser.country=US -Duser.language=en -Duser.variant org.gradle.launcher.daemon.bootstrap.GradleDaemon 7.5.1

Host: AMD Ryzen 3 3250U with Radeon Graphics         , 4 cores, 3G,  Windows 10 , 64 bit Build 19041 (10.0.19041.2913)
Time: Mon May 15 06:31:37 2023 Malay Peninsula Standard Time elapsed time: 69.330157 seconds (0d 0h 1m 9s)

---------------  T H R E A D  ---------------

Current thread (0x000001e96aeca800):  JavaThread "C2 CompilerThread0" daemon [_thread_in_native, id=15076, stack(0x00000065c5300000,0x00000065c5400000)]


Current CompileTask:
C2:  69330 4477       4       java.util.regex.Pattern::compile (498 bytes)

Stack: [0x00000065c5300000,0x00000065c5400000]
Native frames: (J=compiled Java code, j=interpreted, Vv=VM code, C=native code)
V  [jvm.dll+0x65d8aa]
V  [jvm.dll+0x79fc1f]
V  [jvm.dll+0x7a12e9]
V  [jvm.dll+0x7a1983]
V  [jvm.dll+0x2585b5]
V  [jvm.dll+0xb284c]
V  [jvm.dll+0xb2e0c]
V  [jvm.dll+0x365ddf]
V  [jvm.dll+0x32eb15]
V  [jvm.dll+0x32defa]
V  [jvm.dll+0x2113ad]
V  [jvm.dll+0x210378]
V  [jvm.dll+0x18c641]
V  [jvm.dll+0x220609]
V  [jvm.dll+0x21e92c]
V  [jvm.dll+0x763f61]
V  [jvm.dll+0x75c924]
V  [jvm.dll+0x65c755]
C  [ucrtbase.dll+0x21bb2]
C  [KERNEL32.DLL+0x17614]
C  [ntdll.dll+0x526a1]


---------------  P R O C E S S  ---------------

Threads class SMR info:
_java_thread_list=0x000001e96d081d30, length=39, elements={
0x000001e94afd1000, 0x000001e96ae65000, 0x000001e96ae6f000, 0x000001e96ae81800,
0x000001e96aec6800, 0x000001e96aec7000, 0x000001e96aeca800, 0x000001e96aecb800,
0x000001e96aece800, 0x000001e96b149800, 0x000001e96cf67000, 0x000001e96cacf000,
0x000001e96cad1800, 0x000001e96cb99000, 0x000001e96b4f8800, 0x000001e96bf5c000,
0x000001e96b671000, 0x000001e96b5a5800, 0x000001e96b5a6800, 0x000001e96c963800,
0x000001e96c964000, 0x000001e96c960000, 0x000001e96c961000, 0x000001e96c95f000,
0x000001e96c961800, 0x000001e96c965000, 0x000001e96c966000, 0x000001e96c962800,
0x000001e96f6eb000, 0x000001e96f6e7000, 0x000001e96f6e6800, 0x000001e96f6ed000,
0x000001e96f6ed800, 0x000001e96f6e9800, 0x000001e96f6f1800, 0x000001e96f6f2800,
0x000001e96f6ef800, 0x000001e96f6f0000, 0x000001e96f6f4000
}

Java Threads: ( => current thread )
  0x000001e94afd1000 JavaThread "main" [_thread_blocked, id=9972, stack(0x00000065c4700000,0x00000065c4800000)]
  0x000001e96ae65000 JavaThread "Reference Handler" daemon [_thread_blocked, id=12360, stack(0x00000065c4e00000,0x00000065c4f00000)]
  0x000001e96ae6f000 JavaThread "Finalizer" daemon [_thread_blocked, id=1528, stack(0x00000065c4f00000,0x00000065c5000000)]
  0x000001e96ae81800 JavaThread "Signal Dispatcher" daemon [_thread_blocked, id=7056, stack(0x00000065c5000000,0x00000065c5100000)]
  0x000001e96aec6800 JavaThread "Attach Listener" daemon [_thread_blocked, id=7104, stack(0x00000065c5100000,0x00000065c5200000)]
  0x000001e96aec7000 JavaThread "Service Thread" daemon [_thread_blocked, id=9956, stack(0x00000065c5200000,0x00000065c5300000)]
=>0x000001e96aeca800 JavaThread "C2 CompilerThread0" daemon [_thread_in_native, id=15076, stack(0x00000065c5300000,0x00000065c5400000)]
  0x000001e96aecb800 JavaThread "C1 CompilerThread0" daemon [_thread_blocked, id=12708, stack(0x00000065c5400000,0x00000065c5500000)]
  0x000001e96aece800 JavaThread "Sweeper thread" daemon [_thread_blocked, id=13332, stack(0x00000065c5500000,0x00000065c5600000)]
  0x000001e96b149800 JavaThread "Common-Cleaner" daemon [_thread_blocked, id=1456, stack(0x00000065c5600000,0x00000065c5700000)]
  0x000001e96cf67000 JavaThread "Daemon health stats" [_thread_blocked, id=812, stack(0x00000065c5900000,0x00000065c5a00000)]
  0x000001e96cacf000 JavaThread "Incoming local TCP Connector on port 53638" [_thread_in_native, id=1744, stack(0x00000065c5a00000,0x00000065c5b00000)]
  0x000001e96cad1800 JavaThread "Daemon periodic checks" [_thread_blocked, id=1672, stack(0x00000065c5b00000,0x00000065c5c00000)]
  0x000001e96cb99000 JavaThread "Daemon" [_thread_blocked, id=3920, stack(0x00000065c5c00000,0x00000065c5d00000)]
  0x000001e96b4f8800 JavaThread "Handler for socket connection from /127.0.0.1:53638 to /127.0.0.1:53639" [_thread_in_native, id=1480, stack(0x00000065c5d00000,0x00000065c5e00000)]
  0x000001e96bf5c000 JavaThread "Cancel handler" [_thread_blocked, id=11152, stack(0x00000065c5e00000,0x00000065c5f00000)]
  0x000001e96b671000 JavaThread "Daemon worker" [_thread_in_Java, id=5948, stack(0x00000065c5f00000,0x00000065c6000000)]
  0x000001e96b5a5800 JavaThread "Asynchronous log dispatcher for DefaultDaemonConnection: socket connection from /127.0.0.1:53638 to /127.0.0.1:53639" [_thread_blocked, id=4484, stack(0x00000065c6000000,0x00000065c6100000)]
  0x000001e96b5a6800 JavaThread "Stdin handler" [_thread_blocked, id=7188, stack(0x00000065c6100000,0x00000065c6200000)]
  0x000001e96c963800 JavaThread "Daemon client event forwarder" [_thread_blocked, id=14652, stack(0x00000065c6200000,0x00000065c6300000)]
  0x000001e96c964000 JavaThread "Cache worker for journal cache (C:\Users\User\.gradle\caches\journal-1)" [_thread_blocked, id=14504, stack(0x00000065c6300000,0x00000065c6400000)]
  0x000001e96c960000 JavaThread "File lock request listener" [_thread_in_native, id=4008, stack(0x00000065c6600000,0x00000065c6700000)]
  0x000001e96c961000 JavaThread "Cache worker for file hash cache (C:\Users\User\.gradle\caches\7.5.1\fileHashes)" [_thread_blocked, id=3880, stack(0x00000065c6700000,0x00000065c6800000)]
  0x000001e96c95f000 JavaThread "File watcher server" daemon [_thread_in_native, id=8352, stack(0x00000065c6800000,0x00000065c6900000)]
  0x000001e96c961800 JavaThread "File watcher consumer" daemon [_thread_blocked, id=12976, stack(0x00000065c6900000,0x00000065c6a00000)]
  0x000001e96c965000 JavaThread "Cache worker for checksums cache (C:\Users\User\UnklabCanteen\android\.gradle\7.5.1\checksums)" [_thread_blocked, id=3148, stack(0x00000065c6a00000,0x00000065c6b00000)]
  0x000001e96c966000 JavaThread "Cache worker for cache directory md-rule (C:\Users\User\.gradle\caches\7.5.1\md-rule)" [_thread_blocked, id=14436, stack(0x00000065c6b00000,0x00000065c6c00000)]
  0x000001e96c962800 JavaThread "Cache worker for file content cache (C:\Users\User\.gradle\caches\7.5.1\fileContent)" [_thread_blocked, id=6340, stack(0x00000065c6c00000,0x00000065c6d00000)]
  0x000001e96f6eb000 JavaThread "Cache worker for file hash cache (C:\Users\User\UnklabCanteen\android\.gradle\7.5.1\fileHashes)" [_thread_blocked, id=7512, stack(0x00000065c6d00000,0x00000065c6e00000)]
  0x000001e96f6e7000 JavaThread "Cache worker for cache directory md-supplier (C:\Users\User\.gradle\caches\7.5.1\md-supplier)" [_thread_blocked, id=14084, stack(0x00000065c6e00000,0x00000065c6f00000)]
  0x000001e96f6e6800 JavaThread "Cache worker for execution history cache (C:\Users\User\.gradle\caches\7.5.1\executionHistory)" [_thread_blocked, id=9156, stack(0x00000065c6f00000,0x00000065c7000000)]
  0x000001e96f6ed000 JavaThread "jar transforms" [_thread_blocked, id=14548, stack(0x00000065c7000000,0x00000065c7100000)]
  0x000001e96f6ed800 JavaThread "jar transforms Thread 2" [_thread_blocked, id=14512, stack(0x00000065c7100000,0x00000065c7200000)]
  0x000001e96f6e9800 JavaThread "jar transforms Thread 3" [_thread_blocked, id=10840, stack(0x00000065c7200000,0x00000065c7300000)]
  0x000001e96f6f1800 JavaThread "jar transforms Thread 4" [_thread_blocked, id=8468, stack(0x00000065c7300000,0x00000065c7400000)]
  0x000001e96f6f2800 JavaThread "File lock release action executor" [_thread_blocked, id=5900, stack(0x00000065c7600000,0x00000065c7700000)]
  0x000001e96f6ef800 JavaThread "Cache worker for kotlin-dsl (C:\Users\User\.gradle\caches\7.5.1\kotlin-dsl)" [_thread_blocked, id=9228, stack(0x00000065c4400000,0x00000065c4500000)]
  0x000001e96f6f0000 JavaThread "Cache worker for dependencies-accessors (C:\Users\User\UnklabCanteen\android\.gradle\7.5.1\dependencies-accessors)" [_thread_blocked, id=13084, stack(0x00000065c4500000,0x00000065c4600000)]
  0x000001e96f6f4000 JavaThread "Cache worker for Build Output Cleanup Cache (C:\Users\User\UnklabCanteen\node_modules\react-native-gradle-plugin\.gradle\buildOutputCleanup)" [_thread_blocked, id=7736, stack(0x00000065c4600000,0x00000065c4700000)]

Other Threads:
  0x000001e96ae60000 VMThread "VM Thread" [stack: 0x00000065c4d00000,0x00000065c4e00000] [id=4788]
  0x000001e96b1cb800 WatcherThread [stack: 0x00000065c5700000,0x00000065c5800000] [id=1640]
  0x000001e94afe6800 GCTaskThread "GC Thread#0" [stack: 0x00000065c4800000,0x00000065c4900000] [id=9100]
  0x000001e96b708000 GCTaskThread "GC Thread#1" [stack: 0x00000065c5800000,0x00000065c5900000] [id=6836]
  0x000001e96c7a5800 GCTaskThread "GC Thread#2" [stack: 0x00000065c6400000,0x00000065c6500000] [id=10392]
  0x000001e96bbc0800 GCTaskThread "GC Thread#3" [stack: 0x00000065c6500000,0x00000065c6600000] [id=11092]
  0x000001e94b017000 ConcurrentGCThread "G1 Main Marker" [stack: 0x00000065c4900000,0x00000065c4a00000] [id=3316]
  0x000001e94b018800 ConcurrentGCThread "G1 Conc#0" [stack: 0x00000065c4a00000,0x00000065c4b00000] [id=11932]
  0x000001e94b05e000 ConcurrentGCThread "G1 Refine#0" [stack: 0x00000065c4b00000,0x00000065c4c00000] [id=11068]
  0x000001e94b05f000 ConcurrentGCThread "G1 Young RemSet Sampling" [stack: 0x00000065c4c00000,0x00000065c4d00000] [id=2044]

Threads with active compile tasks:
C2 CompilerThread0    69449 4477       4       java.util.regex.Pattern::compile (498 bytes)

VM state:not at safepoint (normal execution)

VM Mutex/Monitor currently owned by a thread: None

Heap address: 0x0000000080000000, size: 2048 MB, Compressed Oops mode: 32-bit
Narrow klass base: 0x0000000000000000, Narrow klass shift: 3
Compressed class space size: 528482304 Address: 0x0000000100000000

Heap:
 garbage-first heap   total 57344K, used 41524K [0x0000000080000000, 0x0000000100000000)
  region size 1024K, 12 young (12288K), 2 survivors (2048K)
 Metaspace       used 48335K, capacity 49672K, committed 49920K, reserved 559104K
  class space    used 6317K, capacity 6854K, committed 6912K, reserved 516096K
Heap Regions: E=young(eden), S=young(survivor), O=old, HS=humongous(starts), HC=humongous(continues), CS=collection set, F=free, A=archive, TAMS=top-at-mark-start (previous, next)
|   0|0x0000000080000000, 0x0000000080100000, 0x0000000080100000|100%|HS|  |TAMS 0x0000000080100000, 0x0000000080000000| Complete 
|   1|0x0000000080100000, 0x0000000080200000, 0x0000000080200000|100%|HC|  |TAMS 0x0000000080200000, 0x0000000080100000| Complete 
|   2|0x0000000080200000, 0x0000000080300000, 0x0000000080300000|100%|HC|  |TAMS 0x0000000080300000, 0x0000000080200000| Complete 
|   3|0x0000000080300000, 0x0000000080400000, 0x0000000080400000|100%| O|  |TAMS 0x0000000080400000, 0x0000000080300000| Untracked 
|   4|0x0000000080400000, 0x0000000080500000, 0x0000000080500000|100%| O|  |TAMS 0x0000000080500000, 0x0000000080400000| Untracked 
|   5|0x0000000080500000, 0x0000000080600000, 0x0000000080600000|100%| O|  |TAMS 0x0000000080600000, 0x0000000080500000| Untracked 
|   6|0x0000000080600000, 0x0000000080700000, 0x0000000080700000|100%| O|  |TAMS 0x0000000080700000, 0x0000000080600000| Untracked 
|   7|0x0000000080700000, 0x0000000080800000, 0x0000000080800000|100%| O|  |TAMS 0x0000000080800000, 0x0000000080700000| Untracked 
|   8|0x0000000080800000, 0x0000000080900000, 0x0000000080900000|100%| O|  |TAMS 0x0000000080900000, 0x0000000080800000| Untracked 
|   9|0x0000000080900000, 0x0000000080a00000, 0x0000000080a00000|100%| O|  |TAMS 0x0000000080a00000, 0x0000000080900000| Untracked 
|  10|0x0000000080a00000, 0x0000000080b00000, 0x0000000080b00000|100%| O|  |TAMS 0x0000000080b00000, 0x0000000080a00000| Untracked 
|  11|0x0000000080b00000, 0x0000000080c00000, 0x0000000080c00000|100%| O|  |TAMS 0x0000000080c00000, 0x0000000080b00000| Untracked 
|  12|0x0000000080c00000, 0x0000000080d00000, 0x0000000080d00000|100%| O|  |TAMS 0x0000000080d00000, 0x0000000080c00000| Untracked 
|  13|0x0000000080d00000, 0x0000000080e00000, 0x0000000080e00000|100%| O|  |TAMS 0x0000000080e00000, 0x0000000080d00000| Untracked 
|  14|0x0000000080e00000, 0x0000000080f00000, 0x0000000080f00000|100%| O|  |TAMS 0x0000000080f00000, 0x0000000080e00000| Untracked 
|  15|0x0000000080f00000, 0x0000000081000000, 0x0000000081000000|100%| O|  |TAMS 0x0000000081000000, 0x0000000080f00000| Untracked 
|  16|0x0000000081000000, 0x0000000081100000, 0x0000000081100000|100%| O|  |TAMS 0x0000000081100000, 0x0000000081000000| Untracked 
|  17|0x0000000081100000, 0x0000000081200000, 0x0000000081200000|100%| O|  |TAMS 0x0000000081200000, 0x0000000081100000| Untracked 
|  18|0x0000000081200000, 0x0000000081300000, 0x0000000081300000|100%| O|  |TAMS 0x0000000081300000, 0x0000000081200000| Untracked 
|  19|0x0000000081300000, 0x0000000081400000, 0x0000000081400000|100%| O|  |TAMS 0x0000000081400000, 0x0000000081300000| Untracked 
|  20|0x0000000081400000, 0x0000000081500000, 0x0000000081500000|100%| O|  |TAMS 0x0000000081500000, 0x0000000081400000| Untracked 
|  21|0x0000000081500000, 0x0000000081600000, 0x0000000081600000|100%| O|  |TAMS 0x0000000081600000, 0x0000000081500000| Untracked 
|  22|0x0000000081600000, 0x0000000081700000, 0x0000000081700000|100%| O|  |TAMS 0x0000000081700000, 0x0000000081600000| Untracked 
|  23|0x0000000081700000, 0x0000000081800000, 0x0000000081800000|100%| O|  |TAMS 0x0000000081800000, 0x0000000081700000| Untracked 
|  24|0x0000000081800000, 0x0000000081900000, 0x0000000081900000|100%| O|  |TAMS 0x0000000081900000, 0x0000000081800000| Untracked 
|  25|0x0000000081900000, 0x0000000081a00000, 0x0000000081a00000|100%| O|  |TAMS 0x0000000081a00000, 0x0000000081900000| Untracked 
|  26|0x0000000081a00000, 0x0000000081b00000, 0x0000000081b00000|100%| O|  |TAMS 0x0000000081b00000, 0x0000000081a00000| Untracked 
|  27|0x0000000081b00000, 0x0000000081c00000, 0x0000000081c00000|100%| O|  |TAMS 0x0000000081c00000, 0x0000000081b00000| Untracked 
|  28|0x0000000081c00000, 0x0000000081d00000, 0x0000000081d00000|100%| O|  |TAMS 0x0000000081d00000, 0x0000000081c00000| Untracked 
|  29|0x0000000081d00000, 0x0000000081e00000, 0x0000000081e00000|100%| O|  |TAMS 0x0000000081e00000, 0x0000000081d00000| Untracked 
|  30|0x0000000081e00000, 0x0000000081e35c00, 0x0000000081f00000| 20%| O|  |TAMS 0x0000000081e35c00, 0x0000000081e00000| Untracked 
|  31|0x0000000081f00000, 0x0000000081f00000, 0x0000000082000000|  0%| F|  |TAMS 0x0000000081f00000, 0x0000000081f00000| Untracked 
|  32|0x0000000082000000, 0x0000000082000000, 0x0000000082100000|  0%| F|  |TAMS 0x0000000082000000, 0x0000000082000000| Untracked 
|  33|0x0000000082100000, 0x0000000082100000, 0x0000000082200000|  0%| F|  |TAMS 0x0000000082100000, 0x0000000082100000| Untracked 
|  34|0x0000000082200000, 0x0000000082200000, 0x0000000082300000|  0%| F|  |TAMS 0x0000000082200000, 0x0000000082200000| Untracked 
|  35|0x0000000082300000, 0x0000000082300000, 0x0000000082400000|  0%| F|  |TAMS 0x0000000082300000, 0x0000000082300000| Untracked 
|  36|0x0000000082400000, 0x0000000082400000, 0x0000000082500000|  0%| F|  |TAMS 0x0000000082400000, 0x0000000082400000| Untracked 
|  37|0x0000000082500000, 0x0000000082500000, 0x0000000082600000|  0%| F|  |TAMS 0x0000000082500000, 0x0000000082500000| Untracked 
|  38|0x0000000082600000, 0x0000000082600000, 0x0000000082700000|  0%| F|  |TAMS 0x0000000082600000, 0x0000000082600000| Untracked 
|  39|0x0000000082700000, 0x0000000082700000, 0x0000000082800000|  0%| F|  |TAMS 0x0000000082700000, 0x0000000082700000| Untracked 
|  40|0x0000000082800000, 0x0000000082857780, 0x0000000082900000| 34%| S|CS|TAMS 0x0000000082800000, 0x0000000082800000| Complete 
|  41|0x0000000082900000, 0x0000000082a00000, 0x0000000082a00000|100%| S|CS|TAMS 0x0000000082900000, 0x0000000082900000| Complete 
|  42|0x0000000082a00000, 0x0000000082a00000, 0x0000000082b00000|  0%| F|  |TAMS 0x0000000082a00000, 0x0000000082a00000| Untracked 
|  43|0x0000000082b00000, 0x0000000082b00000, 0x0000000082c00000|  0%| F|  |TAMS 0x0000000082b00000, 0x0000000082b00000| Untracked 
|  44|0x0000000082c00000, 0x0000000082c00000, 0x0000000082d00000|  0%| F|  |TAMS 0x0000000082c00000, 0x0000000082c00000| Untracked 
|  45|0x0000000082d00000, 0x0000000082d00000, 0x0000000082e00000|  0%| F|  |TAMS 0x0000000082d00000, 0x0000000082d00000| Untracked 
|  46|0x0000000082e00000, 0x0000000082f00000, 0x0000000082f00000|100%| E|  |TAMS 0x0000000082e00000, 0x0000000082e00000| Complete 
|  47|0x0000000082f00000, 0x0000000083000000, 0x0000000083000000|100%| E|CS|TAMS 0x0000000082f00000, 0x0000000082f00000| Complete 
|  48|0x0000000083000000, 0x0000000083100000, 0x0000000083100000|100%| E|CS|TAMS 0x0000000083000000, 0x0000000083000000| Complete 
|  49|0x0000000083100000, 0x0000000083200000, 0x0000000083200000|100%| E|CS|TAMS 0x0000000083100000, 0x0000000083100000| Complete 
|  50|0x0000000083200000, 0x0000000083300000, 0x0000000083300000|100%| E|CS|TAMS 0x0000000083200000, 0x0000000083200000| Complete 
|  51|0x0000000083300000, 0x0000000083400000, 0x0000000083400000|100%| E|CS|TAMS 0x0000000083300000, 0x0000000083300000| Complete 
|  52|0x0000000083400000, 0x0000000083500000, 0x0000000083500000|100%| E|CS|TAMS 0x0000000083400000, 0x0000000083400000| Complete 
|  53|0x0000000083500000, 0x0000000083600000, 0x0000000083600000|100%| E|CS|TAMS 0x0000000083500000, 0x0000000083500000| Complete 
|  54|0x0000000083600000, 0x0000000083700000, 0x0000000083700000|100%| E|CS|TAMS 0x0000000083600000, 0x0000000083600000| Complete 
|  55|0x0000000083700000, 0x0000000083800000, 0x0000000083800000|100%| E|CS|TAMS 0x0000000083700000, 0x0000000083700000| Complete 

Card table byte_map: [0x000001e9638e0000,0x000001e963ce0000] _byte_map_base: 0x000001e9634e0000

Marking Bits (Prev, Next): (CMBitMap*) 0x000001e94b00e530, (CMBitMap*) 0x000001e94b00e4f8
 Prev Bits: [0x000001e9660e0000, 0x000001e9680e0000)
 Next Bits: [0x000001e9640e0000, 0x000001e9660e0000)

Polling page: 0x000001e94adb0000

Metaspace:

Usage:
  Non-class:     41.81 MB capacity,    41.03 MB ( 98%) used,   669.20 KB (  2%) free+waste,   130.25 KB ( <1%) overhead. 
      Class:      6.69 MB capacity,     6.17 MB ( 92%) used,   470.54 KB (  7%) free+waste,    66.31 KB ( <1%) overhead. 
       Both:     48.51 MB capacity,    47.20 MB ( 97%) used,     1.11 MB (  2%) free+waste,   196.56 KB ( <1%) overhead. 

Virtual space:
  Non-class space:       42.00 MB reserved,      42.00 MB (100%) committed 
      Class space:      504.00 MB reserved,       6.75 MB (  1%) committed 
             Both:      546.00 MB reserved,      48.75 MB (  9%) committed 

Chunk freelists:
   Non-Class:  7.75 KB
       Class:  3.25 KB
        Both:  11.00 KB

CodeHeap 'non-profiled nmethods': size=120064Kb used=2581Kb max_used=2581Kb free=117482Kb
 bounds [0x000001e95b980000, 0x000001e95bc10000, 0x000001e962ec0000]
CodeHeap 'profiled nmethods': size=120000Kb used=9430Kb max_used=9430Kb free=110569Kb
 bounds [0x000001e954450000, 0x000001e954d90000, 0x000001e95b980000]
CodeHeap 'non-nmethods': size=5696Kb used=2228Kb max_used=2256Kb free=3467Kb
 bounds [0x000001e953ec0000, 0x000001e954130000, 0x000001e954450000]
 total_blobs=5274 nmethods=4470 adapters=715
 compilation: enabled
              stopped_count=0, restarted_count=0
 full_count=0

Compilation events (10 events):
Event: 68.632 Thread 0x000001e96aecb800 nmethod 4472 0x000001e954d7c490 code [0x000001e954d7c9c0, 0x000001e954d7f8d8]
Event: 68.801 Thread 0x000001e96aecb800 4473   !   3       java.lang.Class::desiredAssertionStatus (54 bytes)
Event: 68.801 Thread 0x000001e96aeca800 4475   !   4       java.lang.ClassLoader::loadClass (122 bytes)
Event: 68.801 Thread 0x000001e96aecb800 nmethod 4473 0x000001e954d80410 code [0x000001e954d80600, 0x000001e954d80bb8]
Event: 68.852 Thread 0x000001e96aeca800 nmethod 4475 0x000001e95bc02890 code [0x000001e95bc02b20, 0x000001e95bc03f50]
Event: 69.168 Thread 0x000001e96aeca800 4476       4       java.lang.Character::charCount (12 bytes)
Event: 69.169 Thread 0x000001e96aeca800 nmethod 4476 0x000001e95bc04d90 code [0x000001e95bc04f00, 0x000001e95bc04f58]
Event: 69.171 Thread 0x000001e96aeca800 4477       4       java.util.regex.Pattern::compile (498 bytes)
Event: 69.172 Thread 0x000001e96aecb800 4479       3       java.util.regex.Pattern::range (292 bytes)
Event: 69.175 Thread 0x000001e96aecb800 nmethod 4479 0x000001e954d80d90 code [0x000001e954d81240, 0x000001e954d834c8]

GC Heap History (10 events):
Event: 64.410 GC heap before
{Heap before GC invocations=23 (full 0):
 garbage-first heap   total 57344K, used 43372K [0x0000000080000000, 0x0000000100000000)
  region size 1024K, 15 young (15360K), 2 survivors (2048K)
 Metaspace       used 43556K, capacity 44717K, committed 44800K, reserved 555008K
  class space    used 5575K, capacity 6077K, committed 6144K, reserved 516096K
}
Event: 64.425 GC heap after
{Heap after GC invocations=24 (full 0):
 garbage-first heap   total 57344K, used 30433K [0x0000000080000000, 0x0000000100000000)
  region size 1024K, 1 young (1024K), 1 survivors (1024K)
 Metaspace       used 43556K, capacity 44717K, committed 44800K, reserved 555008K
  class space    used 5575K, capacity 6077K, committed 6144K, reserved 516096K
}
Event: 65.552 GC heap before
{Heap before GC invocations=24 (full 0):
 garbage-first heap   total 57344K, used 42721K [0x0000000080000000, 0x0000000100000000)
  region size 1024K, 14 young (14336K), 1 survivors (1024K)
 Metaspace       used 44510K, capacity 45707K, committed 45952K, reserved 557056K
  class space    used 5732K, capacity 6235K, committed 6272K, reserved 516096K
}
Event: 65.556 GC heap after
{Heap after GC invocations=25 (full 0):
 garbage-first heap   total 57344K, used 30936K [0x0000000080000000, 0x0000000100000000)
  region size 1024K, 2 young (2048K), 2 survivors (2048K)
 Metaspace       used 44510K, capacity 45707K, committed 45952K, reserved 557056K
  class space    used 5732K, capacity 6235K, committed 6272K, reserved 516096K
}
Event: 66.789 GC heap before
{Heap before GC invocations=26 (full 0):
 garbage-first heap   total 57344K, used 44248K [0x0000000080000000, 0x0000000100000000)
  region size 1024K, 15 young (15360K), 2 survivors (2048K)
 Metaspace       used 45477K, capacity 46647K, committed 46848K, reserved 557056K
  class space    used 5895K, capacity 6378K, committed 6400K, reserved 516096K
}
Event: 66.802 GC heap after
{Heap after GC invocations=27 (full 0):
 garbage-first heap   total 57344K, used 31599K [0x0000000080000000, 0x0000000100000000)
  region size 1024K, 2 young (2048K), 2 survivors (2048K)
 Metaspace       used 45477K, capacity 46647K, committed 46848K, reserved 557056K
  class space    used 5895K, capacity 6378K, committed 6400K, reserved 516096K
}
Event: 67.628 GC heap before
{Heap before GC invocations=27 (full 0):
 garbage-first heap   total 57344K, used 44911K [0x0000000080000000, 0x0000000100000000)
  region size 1024K, 15 young (15360K), 2 survivors (2048K)
 Metaspace       used 46664K, capacity 47824K, committed 48128K, reserved 559104K
  class space    used 6090K, capacity 6579K, committed 6656K, reserved 516096K
}
Event: 67.636 GC heap after
{Heap after GC invocations=28 (full 0):
 garbage-first heap   total 57344K, used 31896K [0x0000000080000000, 0x0000000100000000)
  region size 1024K, 1 young (1024K), 1 survivors (1024K)
 Metaspace       used 46664K, capacity 47824K, committed 48128K, reserved 559104K
  class space    used 6090K, capacity 6579K, committed 6656K, reserved 516096K
}
Event: 68.385 GC heap before
{Heap before GC invocations=29 (full 0):
 garbage-first heap   total 57344K, used 45208K [0x0000000080000000, 0x0000000100000000)
  region size 1024K, 14 young (14336K), 1 survivors (1024K)
 Metaspace       used 47574K, capacity 48805K, committed 49024K, reserved 559104K
  class space    used 6221K, capacity 6734K, committed 6784K, reserved 516096K
}
Event: 68.389 GC heap after
{Heap after GC invocations=30 (full 0):
 garbage-first heap   total 57344K, used 32308K [0x0000000080000000, 0x0000000100000000)
  region size 1024K, 2 young (2048K), 2 survivors (2048K)
 Metaspace       used 47574K, capacity 48805K, committed 49024K, reserved 559104K
  class space    used 6221K, capacity 6734K, committed 6784K, reserved 516096K
}

Deoptimization events (10 events):
Event: 67.272 Thread 0x000001e96b671000 Uncommon trap: reason=unstable_if action=reinterpret pc=0x000001e95ba628e4 method=java.util.HashMap.getNode(ILjava/lang/Object;)Ljava/util/HashMap$Node; @ 53 c2
Event: 67.272 Thread 0x000001e96b671000 Uncommon trap: reason=unstable_if action=reinterpret pc=0x000001e95bb0c0f0 method=java.util.HashMap.putVal(ILjava/lang/Object;Ljava/lang/Object;ZZ)Ljava/lang/Object; @ 85 c2
Event: 67.283 Thread 0x000001e96b671000 Uncommon trap: reason=unstable_if action=reinterpret pc=0x000001e95baccad0 method=org.gradle.internal.reflect.PropertyAccessorType.isGetGetterName(Ljava/lang/String;)Z @ 14 c2
Event: 67.352 Thread 0x000001e96b671000 Uncommon trap: reason=unstable_if action=reinterpret pc=0x000001e95bac5308 method=org.objectweb.asm.ByteVector.putShort(I)Lorg/objectweb/asm/ByteVector; @ 13 c2
Event: 68.096 Thread 0x000001e96b671000 Uncommon trap: reason=bimorphic_or_optimized_type_check action=maybe_recompile pc=0x000001e95baabb00 method=com.google.common.base.CharMatcher.indexIn(Ljava/lang/CharSequence;I)I @ 31 c2
Event: 68.097 Thread 0x000001e96b671000 Uncommon trap: reason=bimorphic_or_optimized_type_check action=maybe_recompile pc=0x000001e95baabb00 method=com.google.common.base.CharMatcher.indexIn(Ljava/lang/CharSequence;I)I @ 31 c2
Event: 68.128 Thread 0x000001e96b671000 Uncommon trap: reason=bimorphic_or_optimized_type_check action=maybe_recompile pc=0x000001e95baabb00 method=com.google.common.base.CharMatcher.indexIn(Ljava/lang/CharSequence;I)I @ 31 c2
Event: 68.157 Thread 0x000001e96b671000 Uncommon trap: reason=unstable_if action=reinterpret pc=0x000001e95b9d53e0 method=java.net.URI$Parser.scan(IILjava/lang/String;)I @ 26 c2
Event: 68.157 Thread 0x000001e96b671000 Uncommon trap: reason=unstable_if action=reinterpret pc=0x000001e95b9d14bc method=java.net.URI.match(CJJ)Z @ 45 c2
Event: 68.158 Thread 0x000001e96b671000 Uncommon trap: reason=unstable_if action=reinterpret pc=0x000001e95b9a1048 method=java.net.URI.match(CJJ)Z @ 19 c2

Classes redefined (0 events):
No events

Internal exceptions (10 events):
Event: 61.816 Thread 0x000001e96b671000 Exception <a 'java/lang/NoSuchMethodError'{0x0000000083093898}: java.lang.invoke.DirectMethodHandle$Holder.invokeStatic(Ljava/lang/Object;Ljava/lang/Object;Ljava/lang/Object;Ljava/lang/Object;Ljava/lang/Object;Ljava/lang/Object;Ljava/lang/Object;Ljava/lan
Event: 61.822 Thread 0x000001e96b671000 Exception <a 'java/lang/NoSuchMethodError'{0x00000000830a3e78}: java.lang.invoke.DirectMethodHandle$Holder.invokeStatic(Ljava/lang/Object;Ljava/lang/Object;Ljava/lang/Object;Ljava/lang/Object;Ljava/lang/Object;Ljava/lang/Object;Ljava/lang/Object;Ljava/lan
Event: 61.828 Thread 0x000001e96b671000 Exception <a 'java/lang/NoSuchMethodError'{0x00000000830b4118}: java.lang.invoke.DelegatingMethodHandle$Holder.reinvoke_L(Ljava/lang/Object;Ljava/lang/Object;Ljava/lang/Object;Ljava/lang/Object;Ljava/lang/Object;Ljava/lang/Object;Ljava/lang/Object;Ljava/l
Event: 63.145 Thread 0x000001e96b671000 Exception <a 'java/lang/IncompatibleClassChangeError'{0x00000000832b92d0}: Found class java.lang.Object, but interface was expected> (0x00000000832b92d0) thrown at [./open/src/hotspot/share/interpreter/linkResolver.cpp, line 838]
Event: 63.638 Thread 0x000001e96b671000 Exception <a 'java/lang/IncompatibleClassChangeError'{0x000000008354b5e0}: Found class java.lang.Object, but interface was expected> (0x000000008354b5e0) thrown at [./open/src/hotspot/share/interpreter/linkResolver.cpp, line 838]
Event: 63.721 Thread 0x000001e96b671000 Exception <a 'java/lang/NoSuchMethodError'{0x0000000083392530}: java.lang.invoke.DirectMethodHandle$Holder.invokeStaticInit(Ljava/lang/Object;Ljava/lang/Object;Ljava/lang/Object;Ljava/lang/Object;Ljava/lang/Object;)I> (0x0000000083392530) thrown at [./ope
Event: 64.899 Thread 0x000001e96b671000 Exception <a 'java/lang/NoSuchMethodError'{0x00000000832de180}: java.lang.invoke.DirectMethodHandle$Holder.invokeInterface(Ljava/lang/Object;Ljava/lang/Object;)V> (0x00000000832de180) thrown at [./open/src/hotspot/share/interpreter/linkResolver.cpp, line 
Event: 65.086 Thread 0x000001e96b671000 Exception <a 'java/lang/NoSuchMethodError'{0x0000000082f639a8}: java.lang.invoke.DirectMethodHandle$Holder.invokeStatic(Ljava/lang/Object;ILjava/lang/Object;)Ljava/lang/Object;> (0x0000000082f639a8) thrown at [./open/src/hotspot/share/interpreter/linkReso
Event: 67.272 Thread 0x000001e96b671000 Implicit null exception at 0x000001e95ba82854 to 0x000001e95ba82a64
Event: 68.628 Thread 0x000001e96b671000 Exception <a 'java/lang/IncompatibleClassChangeError'{0x00000000833ebcc0}: Found class java.lang.Object, but interface was expected> (0x00000000833ebcc0) thrown at [./open/src/hotspot/share/interpreter/linkResolver.cpp, line 838]

Events (10 events):
Event: 69.197 loading class org/gradle/api/internal/artifacts/ivyservice/modulecache/ModuleComponentAtRepositoryKey
Event: 69.197 loading class org/gradle/api/internal/artifacts/ivyservice/modulecache/ModuleComponentAtRepositoryKey done
Event: 69.198 loading class org/gradle/api/internal/artifacts/ivyservice/modulecache/PersistentModuleMetadataCache$RevisionKeySerializer
Event: 69.198 loading class org/gradle/api/internal/artifacts/ivyservice/modulecache/PersistentModuleMetadataCache$RevisionKeySerializer done
Event: 69.199 loading class org/gradle/api/internal/artifacts/ivyservice/modulecache/ModuleMetadataCacheEntrySerializer
Event: 69.199 loading class org/gradle/api/internal/artifacts/ivyservice/modulecache/ModuleMetadataCacheEntrySerializer done
Event: 69.201 loading class org/gradle/api/internal/artifacts/ivyservice/modulecache/ModuleMetadataCacheEntry
Event: 69.201 loading class org/gradle/api/internal/artifacts/ivyservice/modulecache/ModuleMetadataCacheEntry done
Event: 69.202 loading class org/gradle/api/internal/artifacts/ivyservice/modulecache/MissingModuleCacheEntry
Event: 69.202 loading class org/gradle/api/internal/artifacts/ivyservice/modulecache/MissingModuleCacheEntry done


Dynamic libraries:
0x00007ff6fabc0000 - 0x00007ff6fabd0000 	C:\Program Files\Java\jdk-11\bin\java.exe
0x00007ffe1fb30000 - 0x00007ffe1fd28000 	C:\Windows\SYSTEM32\ntdll.dll
0x00007ffe1f0b0000 - 0x00007ffe1f16f000 	C:\Windows\System32\KERNEL32.DLL
0x00007ffe1d740000 - 0x00007ffe1da36000 	C:\Windows\System32\KERNELBASE.dll
0x00007ffe1d2a0000 - 0x00007ffe1d3a0000 	C:\Windows\System32\ucrtbase.dll
0x00007ffe11010000 - 0x00007ffe1102b000 	C:\Program Files\Java\jdk-11\bin\VCRUNTIME140.dll
0x00007ffe11030000 - 0x00007ffe11048000 	C:\Program Files\Java\jdk-11\bin\jli.dll
0x00007ffe1f480000 - 0x00007ffe1f52f000 	C:\Windows\System32\ADVAPI32.dll
0x00007ffe1e610000 - 0x00007ffe1e6ae000 	C:\Windows\System32\msvcrt.dll
0x00007ffe1db90000 - 0x00007ffe1dc2c000 	C:\Windows\System32\sechost.dll
0x00007ffe1dde0000 - 0x00007ffe1df06000 	C:\Windows\System32\RPCRT4.dll
0x00007ffe1e6b0000 - 0x00007ffe1e84d000 	C:\Windows\System32\USER32.dll
0x00007ffe1d5f0000 - 0x00007ffe1d612000 	C:\Windows\System32\win32u.dll
0x00007ffe1f170000 - 0x00007ffe1f19c000 	C:\Windows\System32\GDI32.dll
0x00007ffe1d620000 - 0x00007ffe1d735000 	C:\Windows\System32\gdi32full.dll
0x00007ffe1d3a0000 - 0x00007ffe1d43d000 	C:\Windows\System32\msvcp_win.dll
0x00007ffe096a0000 - 0x00007ffe0993a000 	C:\Windows\WinSxS\amd64_microsoft.windows.common-controls_6595b64144ccf1df_6.0.19041.1110_none_60b5254171f9507e\COMCTL32.dll
0x00007ffe0dce0000 - 0x00007ffe0dcea000 	C:\Windows\SYSTEM32\VERSION.dll
0x00007ffe1f200000 - 0x00007ffe1f230000 	C:\Windows\System32\IMM32.DLL
0x00007ffe11000000 - 0x00007ffe1100c000 	C:\Program Files\Java\jdk-11\bin\vcruntime140_1.dll
0x00007ffe10f70000 - 0x00007ffe10ffe000 	C:\Program Files\Java\jdk-11\bin\msvcp140.dll
0x00007ffdc0440000 - 0x00007ffdc0fa8000 	C:\Program Files\Java\jdk-11\bin\server\jvm.dll
0x00007ffe1f410000 - 0x00007ffe1f418000 	C:\Windows\System32\PSAPI.DLL
0x00007ffe19090000 - 0x00007ffe19099000 	C:\Windows\SYSTEM32\WSOCK32.dll
0x00007ffe1f230000 - 0x00007ffe1f29b000 	C:\Windows\System32\WS2_32.dll
0x00007ffe0daf0000 - 0x00007ffe0db17000 	C:\Windows\SYSTEM32\WINMM.dll
0x00007ffe1b090000 - 0x00007ffe1b0a2000 	C:\Windows\SYSTEM32\kernel.appcore.dll
0x00007ffe10f60000 - 0x00007ffe10f70000 	C:\Program Files\Java\jdk-11\bin\verify.dll
0x00007ffe15580000 - 0x00007ffe15764000 	C:\Windows\SYSTEM32\DBGHELP.DLL
0x00007ffe14f40000 - 0x00007ffe14f74000 	C:\Windows\SYSTEM32\dbgcore.DLL
0x00007ffe1d210000 - 0x00007ffe1d292000 	C:\Windows\System32\bcryptPrimitives.dll
0x00007ffe10f30000 - 0x00007ffe10f58000 	C:\Program Files\Java\jdk-11\bin\java.dll
0x00007ffe10f20000 - 0x00007ffe10f2a000 	C:\Program Files\Java\jdk-11\bin\jimage.dll
0x00007ffe10f00000 - 0x00007ffe10f17000 	C:\Program Files\Java\jdk-11\bin\zip.dll
0x00007ffe1e850000 - 0x00007ffe1ef94000 	C:\Windows\System32\SHELL32.dll
0x00007ffe1b290000 - 0x00007ffe1ba23000 	C:\Windows\SYSTEM32\windows.storage.dll
0x00007ffe1f790000 - 0x00007ffe1fae4000 	C:\Windows\System32\combase.dll
0x00007ffe1cab0000 - 0x00007ffe1cade000 	C:\Windows\SYSTEM32\Wldp.dll
0x00007ffe1f000000 - 0x00007ffe1f0ad000 	C:\Windows\System32\SHCORE.dll
0x00007ffe1efa0000 - 0x00007ffe1eff5000 	C:\Windows\System32\shlwapi.dll
0x00007ffe1d150000 - 0x00007ffe1d16f000 	C:\Windows\SYSTEM32\profapi.dll
0x00007ffdf6920000 - 0x00007ffdf6939000 	C:\Program Files\Java\jdk-11\bin\net.dll
0x00007ffe152c0000 - 0x00007ffe153ca000 	C:\Windows\SYSTEM32\WINHTTP.dll
0x00007ffe1c890000 - 0x00007ffe1c8fa000 	C:\Windows\system32\mswsock.dll
0x00007ffdf5b00000 - 0x00007ffdf5b12000 	C:\Program Files\Java\jdk-11\bin\nio.dll
0x00007ffe182c0000 - 0x00007ffe182e7000 	C:\Users\User\.gradle\native\e1d6ef7f7dcc3fd88c89a11ec53ec762bb8ba0a96d01ffa2cd45eb1d1d8dd5c5\windows-amd64\native-platform.dll
0x00007ffe05830000 - 0x00007ffe05974000 	C:\Users\User\.gradle\native\0d407fdbe67a94daf76414ababcb853783967236a71b16ec16e742cd7a986fd3\windows-amd64\native-platform-file-events.dll
0x00007ffe17c40000 - 0x00007ffe17c49000 	C:\Program Files\Java\jdk-11\bin\management.dll
0x00007ffe14290000 - 0x00007ffe1429b000 	C:\Program Files\Java\jdk-11\bin\management_ext.dll
0x00007ffe1caf0000 - 0x00007ffe1cb08000 	C:\Windows\SYSTEM32\CRYPTSP.dll
0x00007ffe1c1d0000 - 0x00007ffe1c204000 	C:\Windows\system32\rsaenh.dll
0x00007ffe1dab0000 - 0x00007ffe1dad7000 	C:\Windows\System32\bcrypt.dll
0x00007ffe1d110000 - 0x00007ffe1d13e000 	C:\Windows\SYSTEM32\USERENV.dll
0x00007ffe1ca20000 - 0x00007ffe1ca2c000 	C:\Windows\SYSTEM32\CRYPTBASE.dll
0x00007ffe1c5a0000 - 0x00007ffe1c5dc000 	C:\Windows\SYSTEM32\IPHLPAPI.DLL
0x00007ffe1e110000 - 0x00007ffe1e118000 	C:\Windows\System32\NSI.dll
0x00007ffe166d0000 - 0x00007ffe166e7000 	C:\Windows\SYSTEM32\dhcpcsvc6.DLL
0x00007ffe178f0000 - 0x00007ffe1790d000 	C:\Windows\SYSTEM32\dhcpcsvc.DLL
0x00007ffe1c5e0000 - 0x00007ffe1c6ab000 	C:\Windows\SYSTEM32\DNSAPI.dll

dbghelp: loaded successfully - version: 4.0.5 - missing functions: none
symbol engine: initialized successfully - sym options: 0x614 - pdb path: .;C:\Program Files\Java\jdk-11\bin;C:\Windows\SYSTEM32;C:\Windows\WinSxS\amd64_microsoft.windows.common-controls_6595b64144ccf1df_6.0.19041.1110_none_60b5254171f9507e;C:\Program Files\Java\jdk-11\bin\server;C:\Users\User\.gradle\native\e1d6ef7f7dcc3fd88c89a11ec53ec762bb8ba0a96d01ffa2cd45eb1d1d8dd5c5\windows-amd64;C:\Users\User\.gradle\native\0d407fdbe67a94daf76414ababcb853783967236a71b16ec16e742cd7a986fd3\windows-amd64

VM Arguments:
jvm_args: -XX:MaxMetaspaceSize=512m --add-opens=java.base/java.util=ALL-UNNAMED --add-opens=java.base/java.lang=ALL-UNNAMED --add-opens=java.base/java.lang.invoke=ALL-UNNAMED --add-opens=java.base/java.util=ALL-UNNAMED --add-opens=java.prefs/java.util.prefs=ALL-UNNAMED --add-opens=java.prefs/java.util.prefs=ALL-UNNAMED --add-opens=java.base/java.nio.charset=ALL-UNNAMED --add-opens=java.base/java.net=ALL-UNNAMED --add-opens=java.base/java.util.concurrent.atomic=ALL-UNNAMED -Xmx2048m -Dfile.encoding=windows-1252 -Duser.country=US -Duser.language=en -Duser.variant 
java_command: org.gradle.launcher.daemon.bootstrap.GradleDaemon 7.5.1
java_class_path (initial): C:\Users\User\.gradle\wrapper\dists\gradle-7.5.1-all\1ehga6e77gqps5uk2kc5kf1vc\gradle-7.5.1\lib\gradle-launcher-7.5.1.jar
Launcher Type: SUN_STANDARD

[Global flags]
     intx CICompilerCount                          = 3                                         {product} {ergonomic}
   size_t CompressedClassSpaceSize                 = 528482304                                 {product} {ergonomic}
     uint ConcGCThreads                            = 1                                         {product} {ergonomic}
     uint G1ConcRefinementThreads                  = 4                                         {product} {ergonomic}
   size_t G1HeapRegionSize                         = 1048576                                   {product} {ergonomic}
    uintx GCDrainStackTargetSize                   = 64                                        {product} {ergonomic}
   size_t InitialHeapSize                          = 58720256                                  {product} {ergonomic}
   size_t MarkStackSize                            = 4194304                                   {product} {ergonomic}
   size_t MaxHeapSize                              = 2147483648                                {product} {command line}
   size_t MaxMetaspaceSize                         = 536870912                                 {product} {command line}
   size_t MaxNewSize                               = 1287651328                                {product} {ergonomic}
   size_t MinHeapDeltaBytes                        = 1048576                                   {product} {ergonomic}
    uintx NonNMethodCodeHeapSize                   = 5830732                                {pd product} {ergonomic}
    uintx NonProfiledCodeHeapSize                  = 122913754                              {pd product} {ergonomic}
    uintx ProfiledCodeHeapSize                     = 122913754                              {pd product} {ergonomic}
    uintx ReservedCodeCacheSize                    = 251658240                              {pd product} {ergonomic}
     bool SegmentedCodeCache                       = true                                      {product} {ergonomic}
     bool UseCompressedClassPointers               = true                                 {lp64_product} {ergonomic}
     bool UseCompressedOops                        = true                                 {lp64_product} {ergonomic}
     bool UseG1GC                                  = true                                      {product} {ergonomic}
     bool UseLargePagesIndividualAllocation        = false                                  {pd product} {ergonomic}

Logging:
Log output configuration:
 #0: stdout all=warning uptime,level,tags
 #1: stderr all=off uptime,level,tags

Environment Variables:
CLASSPATH=C:\Users\User\UnklabCanteen\android\\gradle\wrapper\gradle-wrapper.jar
PATH=C:\Users\User\UnklabCanteen\android\node_modules\.bin;C:\Users\User\UnklabCanteen\node_modules\.bin;C:\Users\User\node_modules\.bin;C:\Users\node_modules\.bin;C:\node_modules\.bin;C:\Program Files\nodejs;C:\Users\User\UnklabCanteen\node_modules\.bin;C:\Users\User\UnklabCanteen\node_modules\.bin;C:\Users\User\node_modules\.bin;C:\Users\node_modules\.bin;C:\node_modules\.bin;C:\Program Files\nodejs\node_modules\npm\node_modules\@npmcli\run-script\lib\node-gyp-bin;C:\Program Files\Common Files\Oracle\Java\javapath;C:\Windows\system32;C:\Windows;C:\Windows\System32\Wbem;C:\Windows\System32\WindowsPowerShell\v1.0\;C:\Windows\System32\OpenSSH\;C:\Program Files\Microsoft SQL Server\150\Tools\Binn\;C:\Program Files\Git\cmd;C:\Program Files\nodejs\;C:\Users\User\AppData\Local\Android\Sdk\platform-tools;C:\Users\User\AppData\Local\Microsoft\WindowsApps;C:\Users\User\AppData\Local\Programs\Microsoft VS Code\bin;C:\Users\User\AppData\Roaming\npm;C:\Users\User\AppData\Local\Android\Sdk\platform-tools;
USERNAME=User
OS=Windows_NT
PROCESSOR_IDENTIFIER=AMD64 Family 23 Model 24 Stepping 1, AuthenticAMD



---------------  S Y S T E M  ---------------

OS: Windows 10 , 64 bit Build 19041 (10.0.19041.2913)
Hyper-V role detected

CPU:total 4 (initial active 4) (4 cores per cpu, 2 threads per core) family 23 model 24 stepping 1 microcode 0x0, cmov, cx8, fxsr, mmx, sse, sse2, sse3, ssse3, sse4.1, sse4.2, popcnt, avx, avx2, aes, clmul, mmxext, 3dnowpref, lzcnt, sse4a, ht, tsc, tscinvbit, tscinv, bmi1, bmi2, adx, s

Memory: 4k page, system-wide physical 3460M (15M free)
TotalPageFile size 14212M (AvailPageFile size 4M)
current process WorkingSet (physical memory assigned to process): 145M, peak: 153M
current process commit charge ("private bytes"): 226M, peak: 227M

vm_info: Java HotSpot(TM) 64-Bit Server VM (11.0.18+9-LTS-195) for windows-amd64 JRE (11.0.18+9-LTS-195), built on Dec  6 2022 15:50:58 by "mach5one" with MS VC++ 17.1 (VS2022)

END.
