#
# There is insufficient memory for the Java Runtime Environment to continue.
# Native memory allocation (malloc) failed to allocate 618896 bytes for Chunk::new
# Possible reasons:
#   The system is out of physical RAM or swap space
#   The process is running with CompressedOops enabled, and the Java Heap may be blocking the growth of the native heap
# Possible solutions:
#   Reduce memory load on the system
#   Increase physical memory or swap space
#   Check if swap backing store is full
#   Decrease Java heap size (-Xmx/-Xms)
#   Decrease number of Java threads
#   Decrease Java thread stack sizes (-Xss)
#   Set larger code cache with -XX:ReservedCodeCacheSize=
#   JVM is running with Unscaled Compressed Oops mode in which the Java heap is
#     placed in the first 4GB address space. The Java Heap base address is the
#     maximum limit for the native heap growth. Please use -XX:HeapBaseMinAddress
#     to set the Java Heap base and to place the Java Heap above 4GB virtual address.
# This output file may be truncated or incomplete.
#
#  Out of Memory Error (./open/src/hotspot/share/memory/arena.cpp:197), pid=5848, tid=3320
#
# JRE version: Java(TM) SE Runtime Environment 18.9 (11.0.18+9) (build 11.0.18+9-LTS-195)
# Java VM: Java HotSpot(TM) 64-Bit Server VM 18.9 (11.0.18+9-LTS-195, mixed mode, tiered, compressed oops, g1 gc, windows-amd64)
# No core dump will be written. Minidumps are not enabled by default on client versions of Windows
#

---------------  S U M M A R Y ------------

Command Line: -XX:MaxMetaspaceSize=512m --add-opens=java.base/java.util=ALL-UNNAMED --add-opens=java.base/java.lang=ALL-UNNAMED --add-opens=java.base/java.lang.invoke=ALL-UNNAMED --add-opens=java.base/java.util=ALL-UNNAMED --add-opens=java.prefs/java.util.prefs=ALL-UNNAMED --add-opens=java.prefs/java.util.prefs=ALL-UNNAMED --add-opens=java.base/java.nio.charset=ALL-UNNAMED --add-opens=java.base/java.net=ALL-UNNAMED --add-opens=java.base/java.util.concurrent.atomic=ALL-UNNAMED -Xmx2048m -Dfile.encoding=windows-1252 -Duser.country=US -Duser.language=en -Duser.variant org.gradle.launcher.daemon.bootstrap.GradleDaemon 7.5.1

Host: AMD Ryzen 3 3250U with Radeon Graphics         , 4 cores, 3G,  Windows 10 , 64 bit Build 19041 (10.0.19041.2913)
Time: Mon May 15 06:31:37 2023 Malay Peninsula Standard Time elapsed time: 78.476703 seconds (0d 0h 1m 18s)

---------------  T H R E A D  ---------------

Current thread (0x000001553fee1000):  JavaThread "C2 CompilerThread0" daemon [_thread_in_native, id=3320, stack(0x000000413f600000,0x000000413f700000)]


Current CompileTask:
C2:  78476 7361       4       java.util.AbstractCollection::addAll (42 bytes)

Stack: [0x000000413f600000,0x000000413f700000]
Native frames: (J=compiled Java code, j=interpreted, Vv=VM code, C=native code)
V  [jvm.dll+0x65d8aa]
V  [jvm.dll+0x79fc1f]
V  [jvm.dll+0x7a12e9]
V  [jvm.dll+0x7a1983]
V  [jvm.dll+0x2585b5]
V  [jvm.dll+0xb284c]
V  [jvm.dll+0xb2e0c]
V  [jvm.dll+0x365e21]
V  [jvm.dll+0x32eb15]
V  [jvm.dll+0x32defa]
V  [jvm.dll+0x2113ad]
V  [jvm.dll+0x210378]
V  [jvm.dll+0x18c641]
V  [jvm.dll+0x220609]
V  [jvm.dll+0x21e92c]
V  [jvm.dll+0x763f61]
V  [jvm.dll+0x75c924]
V  [jvm.dll+0x65c755]
C  [ucrtbase.dll+0x21bb2]
C  [KERNEL32.DLL+0x17614]
C  [ntdll.dll+0x526a1]


---------------  P R O C E S S  ---------------

Threads class SMR info:
_java_thread_list=0x0000015544847080, length=87, elements={
0x0000015521f23000, 0x000001553fe78000, 0x000001553fe7b800, 0x000001553fe92000,
0x000001553fe94000, 0x000001553fe95000, 0x000001553fee1000, 0x000001553fee2000,
0x000001553ff0e800, 0x0000015540179000, 0x000001554153d800, 0x0000015541add000,
0x0000015541015000, 0x0000015541aa0000, 0x0000015541ad8000, 0x00000155402a5800,
0x000001554052c800, 0x000001554052d000, 0x0000015541a96000, 0x0000015541a93800,
0x0000015541a92000, 0x0000015541a95800, 0x0000015541a94800, 0x0000015541a97000,
0x0000015541a93000, 0x0000015541a91800, 0x0000015541a98000, 0x0000015544647800,
0x0000015544645000, 0x000001554464a000, 0x000001554464b000, 0x0000015544646000,
0x0000015544646800, 0x0000015544649000, 0x0000015542d97800, 0x0000015542d97000,
0x0000015542d94800, 0x0000015542d92000, 0x0000015542d95000, 0x0000015542d98800,
0x0000015542d93000, 0x0000015542d96000, 0x0000015542d99800, 0x0000015542d93800,
0x0000015542d9c800, 0x0000015542d9f000, 0x0000015542da0000, 0x0000015542d9a000,
0x0000015542d9e000, 0x0000015542d9d800, 0x0000015542da0800, 0x0000015542d9b000,
0x0000015542d9c000, 0x000001554063f800, 0x000001554063d000, 0x000001554063e000,
0x0000015540640800, 0x0000015540642000, 0x0000015540641000, 0x0000015540642800,
0x0000015540643800, 0x0000015540644800, 0x000001554063e800, 0x0000015540647000,
0x0000015540645000, 0x0000015540649800, 0x0000015540647800, 0x000001554064a000,
0x0000015540646000, 0x0000015540648800, 0x000001554064b000, 0x000001554064b800,
0x0000015542bb7000, 0x0000015542bb8000, 0x0000015542bb2000, 0x0000015542bb6000,
0x0000015542bb8800, 0x0000015542bb3000, 0x0000015542bb9800, 0x0000015542bb4000,
0x0000015542bba800, 0x0000015542bbb000, 0x0000015542bb5800, 0x0000015542bc1000,
0x0000015542bbc000, 0x0000015542bc0000, 0x0000015542bbd000
}

Java Threads: ( => current thread )
  0x0000015521f23000 JavaThread "main" [_thread_blocked, id=12880, stack(0x000000413ea00000,0x000000413eb00000)]
  0x000001553fe78000 JavaThread "Reference Handler" daemon [_thread_blocked, id=13040, stack(0x000000413f100000,0x000000413f200000)]
  0x000001553fe7b800 JavaThread "Finalizer" daemon [_thread_blocked, id=9096, stack(0x000000413f200000,0x000000413f300000)]
  0x000001553fe92000 JavaThread "Signal Dispatcher" daemon [_thread_blocked, id=5584, stack(0x000000413f300000,0x000000413f400000)]
  0x000001553fe94000 JavaThread "Attach Listener" daemon [_thread_blocked, id=5136, stack(0x000000413f400000,0x000000413f500000)]
  0x000001553fe95000 JavaThread "Service Thread" daemon [_thread_blocked, id=10348, stack(0x000000413f500000,0x000000413f600000)]
=>0x000001553fee1000 JavaThread "C2 CompilerThread0" daemon [_thread_in_native, id=3320, stack(0x000000413f600000,0x000000413f700000)]
  0x000001553fee2000 JavaThread "C1 CompilerThread0" daemon [_thread_blocked, id=13340, stack(0x000000413f700000,0x000000413f800000)]
  0x000001553ff0e800 JavaThread "Sweeper thread" daemon [_thread_blocked, id=6616, stack(0x000000413f800000,0x000000413f900000)]
  0x0000015540179000 JavaThread "Common-Cleaner" daemon [_thread_blocked, id=2500, stack(0x000000413f900000,0x000000413fa00000)]
  0x000001554153d800 JavaThread "Daemon health stats" [_thread_blocked, id=4016, stack(0x000000413fc00000,0x000000413fd00000)]
  0x0000015541add000 JavaThread "Incoming local TCP Connector on port 53629" [_thread_in_native, id=2428, stack(0x000000413fd00000,0x000000413fe00000)]
  0x0000015541015000 JavaThread "Daemon periodic checks" [_thread_in_native, id=15224, stack(0x000000413fe00000,0x000000413ff00000)]
  0x0000015541aa0000 JavaThread "Daemon" [_thread_blocked, id=12100, stack(0x000000413ff00000,0x0000004140000000)]
  0x0000015541ad8000 JavaThread "Handler for socket connection from /127.0.0.1:53629 to /127.0.0.1:53630" [_thread_in_native, id=13824, stack(0x0000004140000000,0x0000004140100000)]
  0x00000155402a5800 JavaThread "Cancel handler" [_thread_blocked, id=11696, stack(0x0000004140100000,0x0000004140200000)]
  0x000001554052c800 JavaThread "Daemon worker" [_thread_blocked, id=14488, stack(0x0000004140200000,0x0000004140300000)]
  0x000001554052d000 JavaThread "Asynchronous log dispatcher for DefaultDaemonConnection: socket connection from /127.0.0.1:53629 to /127.0.0.1:53630" [_thread_blocked, id=1860, stack(0x0000004140300000,0x0000004140400000)]
  0x0000015541a96000 JavaThread "Stdin handler" [_thread_blocked, id=13236, stack(0x0000004140400000,0x0000004140500000)]
  0x0000015541a93800 JavaThread "Daemon client event forwarder" [_thread_blocked, id=2128, stack(0x0000004140500000,0x0000004140600000)]
  0x0000015541a92000 JavaThread "Cache worker for journal cache (C:\Users\User\.gradle\caches\journal-1)" [_thread_blocked, id=9660, stack(0x0000004140800000,0x0000004140900000)]
  0x0000015541a95800 JavaThread "File lock request listener" [_thread_in_native, id=6300, stack(0x0000004140900000,0x0000004140a00000)]
  0x0000015541a94800 JavaThread "Cache worker for file hash cache (C:\Users\User\.gradle\caches\7.5.1\fileHashes)" [_thread_blocked, id=4700, stack(0x0000004140a00000,0x0000004140b00000)]
  0x0000015541a97000 JavaThread "File watcher server" daemon [_thread_in_native, id=9092, stack(0x0000004140b00000,0x0000004140c00000)]
  0x0000015541a93000 JavaThread "File watcher consumer" daemon [_thread_blocked, id=7240, stack(0x0000004140c00000,0x0000004140d00000)]
  0x0000015541a91800 JavaThread "Cache worker for checksums cache (C:\Users\User\UnklabCanteen\android\.gradle\7.5.1\checksums)" [_thread_blocked, id=7744, stack(0x0000004140d00000,0x0000004140e00000)]
  0x0000015541a98000 JavaThread "Cache worker for cache directory md-rule (C:\Users\User\.gradle\caches\7.5.1\md-rule)" [_thread_blocked, id=1756, stack(0x0000004140e00000,0x0000004140f00000)]
  0x0000015544647800 JavaThread "Cache worker for file content cache (C:\Users\User\.gradle\caches\7.5.1\fileContent)" [_thread_blocked, id=14320, stack(0x0000004140f00000,0x0000004141000000)]
  0x0000015544645000 JavaThread "Cache worker for file hash cache (C:\Users\User\UnklabCanteen\android\.gradle\7.5.1\fileHashes)" [_thread_blocked, id=11184, stack(0x0000004141000000,0x0000004141100000)]
  0x000001554464a000 JavaThread "Cache worker for cache directory md-supplier (C:\Users\User\.gradle\caches\7.5.1\md-supplier)" [_thread_blocked, id=1392, stack(0x0000004141100000,0x0000004141200000)]
  0x000001554464b000 JavaThread "Cache worker for execution history cache (C:\Users\User\.gradle\caches\7.5.1\executionHistory)" [_thread_blocked, id=15184, stack(0x0000004141200000,0x0000004141300000)]
  0x0000015544646000 JavaThread "jar transforms" [_thread_blocked, id=7976, stack(0x0000004141300000,0x0000004141400000)]
  0x0000015544646800 JavaThread "jar transforms Thread 2" [_thread_blocked, id=4400, stack(0x0000004141400000,0x0000004141500000)]
  0x0000015544649000 JavaThread "jar transforms Thread 3" [_thread_blocked, id=12896, stack(0x0000004141500000,0x0000004141600000)]
  0x0000015542d97800 JavaThread "jar transforms Thread 4" [_thread_blocked, id=14120, stack(0x0000004141600000,0x0000004141700000)]
  0x0000015542d97000 JavaThread "File lock release action executor" [_thread_blocked, id=9752, stack(0x0000004141700000,0x0000004141800000)]
  0x0000015542d94800 JavaThread "Cache worker for kotlin-dsl (C:\Users\User\.gradle\caches\7.5.1\kotlin-dsl)" [_thread_blocked, id=11996, stack(0x0000004141900000,0x0000004141a00000)]
  0x0000015542d92000 JavaThread "Cache worker for dependencies-accessors (C:\Users\User\UnklabCanteen\android\.gradle\7.5.1\dependencies-accessors)" [_thread_blocked, id=9292, stack(0x0000004141a00000,0x0000004141b00000)]
  0x0000015542d95000 JavaThread "Cache worker for Build Output Cleanup Cache (C:\Users\User\UnklabCanteen\node_modules\react-native-gradle-plugin\.gradle\buildOutputCleanup)" [_thread_blocked, id=12156, stack(0x0000004141b00000,0x0000004141c00000)]
  0x0000015542d98800 JavaThread "Unconstrained build operations" [_thread_blocked, id=6976, stack(0x0000004141c00000,0x0000004141d00000)]
  0x0000015542d93000 JavaThread "Unconstrained build operations Thread 2" [_thread_blocked, id=12076, stack(0x0000004141d00000,0x0000004141e00000)]
  0x0000015542d96000 JavaThread "Unconstrained build operations Thread 3" [_thread_blocked, id=10216, stack(0x0000004141e00000,0x0000004141f00000)]
  0x0000015542d99800 JavaThread "Unconstrained build operations Thread 4" [_thread_blocked, id=3836, stack(0x0000004141f00000,0x0000004142000000)]
  0x0000015542d93800 JavaThread "Unconstrained build operations Thread 5" [_thread_blocked, id=13932, stack(0x0000004142000000,0x0000004142100000)]
  0x0000015542d9c800 JavaThread "Unconstrained build operations Thread 6" [_thread_blocked, id=14524, stack(0x0000004142100000,0x0000004142200000)]
  0x0000015542d9f000 JavaThread "Unconstrained build operations Thread 7" [_thread_blocked, id=6224, stack(0x0000004142200000,0x0000004142300000)]
  0x0000015542da0000 JavaThread "Unconstrained build operations Thread 8" [_thread_blocked, id=3708, stack(0x0000004142300000,0x0000004142400000)]
  0x0000015542d9a000 JavaThread "Unconstrained build operations Thread 9" [_thread_blocked, id=9644, stack(0x0000004142400000,0x0000004142500000)]
  0x0000015542d9e000 JavaThread "Unconstrained build operations Thread 10" [_thread_blocked, id=12980, stack(0x0000004142500000,0x0000004142600000)]
  0x0000015542d9d800 JavaThread "Unconstrained build operations Thread 11" [_thread_blocked, id=8292, stack(0x0000004142600000,0x0000004142700000)]
  0x0000015542da0800 JavaThread "Unconstrained build operations Thread 12" [_thread_blocked, id=6828, stack(0x0000004142700000,0x0000004142800000)]
  0x0000015542d9b000 JavaThread "Unconstrained build operations Thread 13" [_thread_blocked, id=11288, stack(0x0000004142800000,0x0000004142900000)]
  0x0000015542d9c000 JavaThread "Unconstrained build operations Thread 14" [_thread_blocked, id=8312, stack(0x0000004142900000,0x0000004142a00000)]
  0x000001554063f800 JavaThread "Unconstrained build operations Thread 15" [_thread_blocked, id=3068, stack(0x0000004142a00000,0x0000004142b00000)]
  0x000001554063d000 JavaThread "Unconstrained build operations Thread 16" [_thread_blocked, id=14032, stack(0x0000004142b00000,0x0000004142c00000)]
  0x000001554063e000 JavaThread "Unconstrained build operations Thread 17" [_thread_blocked, id=724, stack(0x0000004142c00000,0x0000004142d00000)]
  0x0000015540640800 JavaThread "Unconstrained build operations Thread 18" [_thread_blocked, id=4136, stack(0x0000004142d00000,0x0000004142e00000)]
  0x0000015540642000 JavaThread "Unconstrained build operations Thread 19" [_thread_blocked, id=6244, stack(0x0000004142e00000,0x0000004142f00000)]
  0x0000015540641000 JavaThread "Unconstrained build operations Thread 20" [_thread_blocked, id=1260, stack(0x0000004142f00000,0x0000004143000000)]
  0x0000015540642800 JavaThread "Unconstrained build operations Thread 21" [_thread_blocked, id=10480, stack(0x0000004143000000,0x0000004143100000)]
  0x0000015540643800 JavaThread "Unconstrained build operations Thread 22" [_thread_blocked, id=15208, stack(0x0000004143100000,0x0000004143200000)]
  0x0000015540644800 JavaThread "Unconstrained build operations Thread 23" [_thread_blocked, id=14576, stack(0x0000004143200000,0x0000004143300000)]
  0x000001554063e800 JavaThread "Unconstrained build operations Thread 24" [_thread_blocked, id=10720, stack(0x0000004143300000,0x0000004143400000)]
  0x0000015540647000 JavaThread "Unconstrained build operations Thread 25" [_thread_blocked, id=12432, stack(0x0000004143400000,0x0000004143500000)]
  0x0000015540645000 JavaThread "Unconstrained build operations Thread 26" [_thread_blocked, id=4488, stack(0x0000004143500000,0x0000004143600000)]
  0x0000015540649800 JavaThread "Unconstrained build operations Thread 27" [_thread_blocked, id=6016, stack(0x0000004143600000,0x0000004143700000)]
  0x0000015540647800 JavaThread "Unconstrained build operations Thread 28" [_thread_blocked, id=15256, stack(0x0000004143700000,0x0000004143800000)]
  0x000001554064a000 JavaThread "Unconstrained build operations Thread 29" [_thread_blocked, id=13460, stack(0x0000004143800000,0x0000004143900000)]
  0x0000015540646000 JavaThread "Unconstrained build operations Thread 30" [_thread_blocked, id=4968, stack(0x0000004143900000,0x0000004143a00000)]
  0x0000015540648800 JavaThread "Unconstrained build operations Thread 31" [_thread_blocked, id=1996, stack(0x0000004143a00000,0x0000004143b00000)]
  0x000001554064b000 JavaThread "Unconstrained build operations Thread 32" [_thread_blocked, id=11636, stack(0x0000004143b00000,0x0000004143c00000)]
  0x000001554064b800 JavaThread "Unconstrained build operations Thread 33" [_thread_blocked, id=2480, stack(0x0000004143c00000,0x0000004143d00000)]
  0x0000015542bb7000 JavaThread "build event listener" [_thread_blocked, id=5164, stack(0x000000413e700000,0x000000413e800000)]
  0x0000015542bb8000 JavaThread "Memory manager" [_thread_blocked, id=9440, stack(0x000000413e900000,0x000000413ea00000)]
  0x0000015542bb2000 JavaThread "Cache worker for Build Output Cleanup Cache (C:\Users\User\UnklabCanteen\android\.gradle\buildOutputCleanup)" [_thread_blocked, id=8176, stack(0x0000004143d00000,0x0000004143e00000)]
  0x0000015542bb6000 JavaThread "included builds" [_thread_in_Java, id=9976, stack(0x0000004143e00000,0x0000004143f00000)]
  0x0000015542bb8800 JavaThread "Execution worker" [_thread_blocked, id=712, stack(0x0000004143f00000,0x0000004144000000)]
  0x0000015542bb3000 JavaThread "Execution worker Thread 2" [_thread_blocked, id=14344, stack(0x0000004144000000,0x0000004144100000)]
  0x0000015542bb9800 JavaThread "Execution worker Thread 3" [_thread_blocked, id=8924, stack(0x0000004144100000,0x0000004144200000)]
  0x0000015542bb4000 JavaThread "Cache worker for execution history cache (C:\Users\User\UnklabCanteen\node_modules\react-native-gradle-plugin\.gradle\7.5.1\executionHistory)" [_thread_blocked, id=9768, stack(0x0000004144200000,0x0000004144300000)]
  0x0000015542bba800 JavaThread "Unconstrained build operations Thread 34" [_thread_blocked, id=1732, stack(0x0000004144300000,0x0000004144400000)]
  0x0000015542bbb000 JavaThread "Unconstrained build operations Thread 35" [_thread_blocked, id=5708, stack(0x0000004144400000,0x0000004144500000)]
  0x0000015542bb5800 JavaThread "Unconstrained build operations Thread 36" [_thread_blocked, id=6884, stack(0x0000004144500000,0x0000004144600000)]
  0x0000015542bc1000 JavaThread "Unconstrained build operations Thread 37" [_thread_blocked, id=12756, stack(0x0000004144600000,0x0000004144700000)]
  0x0000015542bbc000 JavaThread "Unconstrained build operations Thread 38" [_thread_blocked, id=2248, stack(0x0000004144700000,0x0000004144800000)]
  0x0000015542bc0000 JavaThread "Unconstrained build operations Thread 39" [_thread_blocked, id=1092, stack(0x0000004144800000,0x0000004144900000)]
  0x0000015542bbd000 JavaThread "Unconstrained build operations Thread 40" [_thread_blocked, id=6656, stack(0x0000004144900000,0x0000004144a00000)]

Other Threads:
  0x000001553fe70000 VMThread "VM Thread" [stack: 0x000000413f000000,0x000000413f100000] [id=11468]
  0x00000155401c1800 WatcherThread [stack: 0x000000413fa00000,0x000000413fb00000] [id=4028]
  0x0000015521f38000 GCTaskThread "GC Thread#0" [stack: 0x000000413eb00000,0x000000413ec00000] [id=2524]
  0x00000155401d3800 GCTaskThread "GC Thread#1" [stack: 0x000000413fb00000,0x000000413fc00000] [id=532]
  0x000001554031d800 GCTaskThread "GC Thread#2" [stack: 0x0000004140600000,0x0000004140700000] [id=10620]
  0x0000015540395000 GCTaskThread "GC Thread#3" [stack: 0x0000004140700000,0x0000004140800000] [id=13256]
  0x0000015521f6a000 ConcurrentGCThread "G1 Main Marker" [stack: 0x000000413ec00000,0x000000413ed00000] [id=14072]
  0x0000015521f6b000 ConcurrentGCThread "G1 Conc#0" [stack: 0x000000413ed00000,0x000000413ee00000] [id=3832]
  0x0000015521fb1000 ConcurrentGCThread "G1 Refine#0" [stack: 0x000000413ee00000,0x000000413ef00000] [id=10036]
  0x0000015521fb2000 ConcurrentGCThread "G1 Young RemSet Sampling" [stack: 0x000000413ef00000,0x000000413f000000] [id=9568]

Threads with active compile tasks:
C2 CompilerThread0    78545 7361       4       java.util.AbstractCollection::addAll (42 bytes)

VM state:not at safepoint (normal execution)

VM Mutex/Monitor currently owned by a thread: None

Heap address: 0x0000000080000000, size: 2048 MB, Compressed Oops mode: 32-bit
Narrow klass base: 0x0000000000000000, Narrow klass shift: 3
Compressed class space size: 528482304 Address: 0x0000000100000000

Heap:
 garbage-first heap   total 101376K, used 53990K [0x0000000080000000, 0x0000000100000000)
  region size 1024K, 7 young (7168K), 4 survivors (4096K)
 Metaspace       used 67060K, capacity 69051K, committed 69248K, reserved 575488K
  class space    used 8921K, capacity 9752K, committed 9856K, reserved 516096K
Heap Regions: E=young(eden), S=young(survivor), O=old, HS=humongous(starts), HC=humongous(continues), CS=collection set, F=free, A=archive, TAMS=top-at-mark-start (previous, next)
|   0|0x0000000080000000, 0x0000000080100000, 0x0000000080100000|100%|HS|  |TAMS 0x0000000080100000, 0x0000000080000000| Complete 
|   1|0x0000000080100000, 0x0000000080200000, 0x0000000080200000|100%|HC|  |TAMS 0x0000000080200000, 0x0000000080100000| Complete 
|   2|0x0000000080200000, 0x0000000080300000, 0x0000000080300000|100%|HC|  |TAMS 0x0000000080300000, 0x0000000080200000| Complete 
|   3|0x0000000080300000, 0x0000000080400000, 0x0000000080400000|100%| O|  |TAMS 0x0000000080400000, 0x0000000080300000| Untracked 
|   4|0x0000000080400000, 0x0000000080500000, 0x0000000080500000|100%| O|  |TAMS 0x0000000080500000, 0x0000000080400000| Untracked 
|   5|0x0000000080500000, 0x0000000080600000, 0x0000000080600000|100%| O|  |TAMS 0x0000000080600000, 0x0000000080500000| Untracked 
|   6|0x0000000080600000, 0x0000000080700000, 0x0000000080700000|100%| O|  |TAMS 0x0000000080700000, 0x0000000080600000| Untracked 
|   7|0x0000000080700000, 0x0000000080800000, 0x0000000080800000|100%| O|  |TAMS 0x0000000080800000, 0x0000000080700000| Untracked 
|   8|0x0000000080800000, 0x0000000080900000, 0x0000000080900000|100%| O|  |TAMS 0x0000000080900000, 0x0000000080800000| Untracked 
|   9|0x0000000080900000, 0x0000000080a00000, 0x0000000080a00000|100%| O|  |TAMS 0x0000000080a00000, 0x0000000080900000| Untracked 
|  10|0x0000000080a00000, 0x0000000080b00000, 0x0000000080b00000|100%| O|  |TAMS 0x0000000080b00000, 0x0000000080a00000| Untracked 
|  11|0x0000000080b00000, 0x0000000080c00000, 0x0000000080c00000|100%| O|  |TAMS 0x0000000080c00000, 0x0000000080b00000| Untracked 
|  12|0x0000000080c00000, 0x0000000080d00000, 0x0000000080d00000|100%| O|  |TAMS 0x0000000080d00000, 0x0000000080c00000| Untracked 
|  13|0x0000000080d00000, 0x0000000080e00000, 0x0000000080e00000|100%| O|  |TAMS 0x0000000080e00000, 0x0000000080d00000| Untracked 
|  14|0x0000000080e00000, 0x0000000080f00000, 0x0000000080f00000|100%| O|  |TAMS 0x0000000080f00000, 0x0000000080e00000| Untracked 
|  15|0x0000000080f00000, 0x0000000081000000, 0x0000000081000000|100%| O|  |TAMS 0x0000000081000000, 0x0000000080f00000| Untracked 
|  16|0x0000000081000000, 0x0000000081100000, 0x0000000081100000|100%| O|  |TAMS 0x0000000081100000, 0x0000000081000000| Untracked 
|  17|0x0000000081100000, 0x0000000081200000, 0x0000000081200000|100%| O|  |TAMS 0x0000000081200000, 0x0000000081100000| Untracked 
|  18|0x0000000081200000, 0x0000000081300000, 0x0000000081300000|100%| O|  |TAMS 0x0000000081300000, 0x0000000081200000| Untracked 
|  19|0x0000000081300000, 0x0000000081400000, 0x0000000081400000|100%| O|  |TAMS 0x0000000081400000, 0x0000000081300000| Untracked 
|  20|0x0000000081400000, 0x0000000081500000, 0x0000000081500000|100%| O|  |TAMS 0x0000000081500000, 0x0000000081400000| Untracked 
|  21|0x0000000081500000, 0x0000000081600000, 0x0000000081600000|100%| O|  |TAMS 0x0000000081600000, 0x0000000081500000| Untracked 
|  22|0x0000000081600000, 0x0000000081700000, 0x0000000081700000|100%| O|  |TAMS 0x0000000081700000, 0x0000000081600000| Untracked 
|  23|0x0000000081700000, 0x0000000081800000, 0x0000000081800000|100%| O|  |TAMS 0x0000000081800000, 0x0000000081700000| Untracked 
|  24|0x0000000081800000, 0x0000000081900000, 0x0000000081900000|100%| O|  |TAMS 0x0000000081900000, 0x0000000081800000| Untracked 
|  25|0x0000000081900000, 0x0000000081a00000, 0x0000000081a00000|100%| O|  |TAMS 0x0000000081a00000, 0x0000000081900000| Untracked 
|  26|0x0000000081a00000, 0x0000000081b00000, 0x0000000081b00000|100%| O|  |TAMS 0x0000000081b00000, 0x0000000081a00000| Untracked 
|  27|0x0000000081b00000, 0x0000000081c00000, 0x0000000081c00000|100%| O|  |TAMS 0x0000000081c00000, 0x0000000081b00000| Untracked 
|  28|0x0000000081c00000, 0x0000000081d00000, 0x0000000081d00000|100%| O|  |TAMS 0x0000000081d00000, 0x0000000081c00000| Untracked 
|  29|0x0000000081d00000, 0x0000000081e00000, 0x0000000081e00000|100%| O|  |TAMS 0x0000000081e00000, 0x0000000081d00000| Untracked 
|  30|0x0000000081e00000, 0x0000000081f00000, 0x0000000081f00000|100%| O|  |TAMS 0x0000000081f00000, 0x0000000081e00000| Untracked 
|  31|0x0000000081f00000, 0x0000000082000000, 0x0000000082000000|100%| O|  |TAMS 0x0000000082000000, 0x0000000081f00000| Untracked 
|  32|0x0000000082000000, 0x0000000082100000, 0x0000000082100000|100%| O|  |TAMS 0x0000000082100000, 0x0000000082000000| Untracked 
|  33|0x0000000082100000, 0x0000000082200000, 0x0000000082200000|100%| O|  |TAMS 0x0000000082200000, 0x0000000082100000| Untracked 
|  34|0x0000000082200000, 0x0000000082300000, 0x0000000082300000|100%|HS|  |TAMS 0x0000000082300000, 0x0000000082200000| Complete 
|  35|0x0000000082300000, 0x0000000082400000, 0x0000000082400000|100%|HS|  |TAMS 0x0000000082400000, 0x0000000082300000| Complete 
|  36|0x0000000082400000, 0x0000000082500000, 0x0000000082500000|100%|HC|  |TAMS 0x0000000082500000, 0x0000000082400000| Complete 
|  37|0x0000000082500000, 0x0000000082600000, 0x0000000082600000|100%|HC|  |TAMS 0x0000000082600000, 0x0000000082500000| Complete 
|  38|0x0000000082600000, 0x0000000082700000, 0x0000000082700000|100%| O|  |TAMS 0x0000000082700000, 0x0000000082600000| Untracked 
|  39|0x0000000082700000, 0x0000000082800000, 0x0000000082800000|100%| O|  |TAMS 0x0000000082800000, 0x0000000082700000| Untracked 
|  40|0x0000000082800000, 0x0000000082900000, 0x0000000082900000|100%| O|  |TAMS 0x0000000082900000, 0x0000000082800000| Untracked 
|  41|0x0000000082900000, 0x0000000082a00000, 0x0000000082a00000|100%| O|  |TAMS 0x0000000082a00000, 0x0000000082900000| Untracked 
|  42|0x0000000082a00000, 0x0000000082b00000, 0x0000000082b00000|100%| O|  |TAMS 0x0000000082b00000, 0x0000000082a00000| Untracked 
|  43|0x0000000082b00000, 0x0000000082c00000, 0x0000000082c00000|100%| O|  |TAMS 0x0000000082c00000, 0x0000000082b00000| Untracked 
|  44|0x0000000082c00000, 0x0000000082d00000, 0x0000000082d00000|100%| O|  |TAMS 0x0000000082d00000, 0x0000000082c00000| Untracked 
|  45|0x0000000082d00000, 0x0000000082e00000, 0x0000000082e00000|100%| O|  |TAMS 0x0000000082e00000, 0x0000000082d00000| Untracked 
|  46|0x0000000082e00000, 0x0000000082f00000, 0x0000000082f00000|100%| O|  |TAMS 0x0000000082f00000, 0x0000000082e00000| Untracked 
|  47|0x0000000082f00000, 0x0000000082f17000, 0x0000000083000000|  8%| O|  |TAMS 0x0000000082f17000, 0x0000000082f00000| Untracked 
|  48|0x0000000083000000, 0x0000000083000000, 0x0000000083100000|  0%| F|  |TAMS 0x0000000083000000, 0x0000000083000000| Untracked 
|  49|0x0000000083100000, 0x0000000083100000, 0x0000000083200000|  0%| F|  |TAMS 0x0000000083100000, 0x0000000083100000| Untracked 
|  50|0x0000000083200000, 0x0000000083200000, 0x0000000083300000|  0%| F|  |TAMS 0x0000000083200000, 0x0000000083200000| Untracked 
|  51|0x0000000083300000, 0x0000000083300000, 0x0000000083400000|  0%| F|  |TAMS 0x0000000083300000, 0x0000000083300000| Untracked 
|  52|0x0000000083400000, 0x0000000083400000, 0x0000000083500000|  0%| F|  |TAMS 0x0000000083400000, 0x0000000083400000| Untracked 
|  53|0x0000000083500000, 0x0000000083500000, 0x0000000083600000|  0%| F|  |TAMS 0x0000000083500000, 0x0000000083500000| Untracked 
|  54|0x0000000083600000, 0x0000000083600000, 0x0000000083700000|  0%| F|  |TAMS 0x0000000083600000, 0x0000000083600000| Untracked 
|  55|0x0000000083700000, 0x0000000083700000, 0x0000000083800000|  0%| F|  |TAMS 0x0000000083700000, 0x0000000083700000| Untracked 
|  56|0x0000000083800000, 0x0000000083800000, 0x0000000083900000|  0%| F|  |TAMS 0x0000000083800000, 0x0000000083800000| Untracked 
|  57|0x0000000083900000, 0x0000000083900000, 0x0000000083a00000|  0%| F|  |TAMS 0x0000000083900000, 0x0000000083900000| Untracked 
|  58|0x0000000083a00000, 0x0000000083a00000, 0x0000000083b00000|  0%| F|  |TAMS 0x0000000083a00000, 0x0000000083a00000| Untracked 
|  59|0x0000000083b00000, 0x0000000083b00000, 0x0000000083c00000|  0%| F|  |TAMS 0x0000000083b00000, 0x0000000083b00000| Untracked 
|  60|0x0000000083c00000, 0x0000000083c00000, 0x0000000083d00000|  0%| F|  |TAMS 0x0000000083c00000, 0x0000000083c00000| Untracked 
|  61|0x0000000083d00000, 0x0000000083d00000, 0x0000000083e00000|  0%| F|  |TAMS 0x0000000083d00000, 0x0000000083d00000| Untracked 
|  62|0x0000000083e00000, 0x0000000083e00000, 0x0000000083f00000|  0%| F|  |TAMS 0x0000000083e00000, 0x0000000083e00000| Untracked 
|  63|0x0000000083f00000, 0x0000000083f00000, 0x0000000084000000|  0%| F|  |TAMS 0x0000000083f00000, 0x0000000083f00000| Untracked 
|  64|0x0000000084000000, 0x0000000084000000, 0x0000000084100000|  0%| F|  |TAMS 0x0000000084000000, 0x0000000084000000| Untracked 
|  65|0x0000000084100000, 0x0000000084100000, 0x0000000084200000|  0%| F|  |TAMS 0x0000000084100000, 0x0000000084100000| Untracked 
|  66|0x0000000084200000, 0x0000000084200000, 0x0000000084300000|  0%| F|  |TAMS 0x0000000084200000, 0x0000000084200000| Untracked 
|  67|0x0000000084300000, 0x0000000084300000, 0x0000000084400000|  0%| F|  |TAMS 0x0000000084300000, 0x0000000084300000| Untracked 
|  68|0x0000000084400000, 0x00000000844a2bc0, 0x0000000084500000| 63%| S|CS|TAMS 0x0000000084400000, 0x0000000084400000| Complete 
|  69|0x0000000084500000, 0x0000000084600000, 0x0000000084600000|100%| S|CS|TAMS 0x0000000084500000, 0x0000000084500000| Complete 
|  70|0x0000000084600000, 0x0000000084700000, 0x0000000084700000|100%| S|CS|TAMS 0x0000000084600000, 0x0000000084600000| Complete 
|  71|0x0000000084700000, 0x0000000084800000, 0x0000000084800000|100%| S|CS|TAMS 0x0000000084700000, 0x0000000084700000| Complete 
|  72|0x0000000084800000, 0x0000000084800000, 0x0000000084900000|  0%| F|  |TAMS 0x0000000084800000, 0x0000000084800000| Untracked 
|  73|0x0000000084900000, 0x0000000084900000, 0x0000000084a00000|  0%| F|  |TAMS 0x0000000084900000, 0x0000000084900000| Untracked 
|  74|0x0000000084a00000, 0x0000000084a00000, 0x0000000084b00000|  0%| F|  |TAMS 0x0000000084a00000, 0x0000000084a00000| Untracked 
|  75|0x0000000084b00000, 0x0000000084b00000, 0x0000000084c00000|  0%| F|  |TAMS 0x0000000084b00000, 0x0000000084b00000| Untracked 
|  76|0x0000000084c00000, 0x0000000084c00000, 0x0000000084d00000|  0%| F|  |TAMS 0x0000000084c00000, 0x0000000084c00000| Untracked 
|  77|0x0000000084d00000, 0x0000000084d00000, 0x0000000084e00000|  0%| F|  |TAMS 0x0000000084d00000, 0x0000000084d00000| Untracked 
|  78|0x0000000084e00000, 0x0000000084e00000, 0x0000000084f00000|  0%| F|  |TAMS 0x0000000084e00000, 0x0000000084e00000| Untracked 
|  79|0x0000000084f00000, 0x0000000084f00000, 0x0000000085000000|  0%| F|  |TAMS 0x0000000084f00000, 0x0000000084f00000| Untracked 
|  80|0x0000000085000000, 0x0000000085000000, 0x0000000085100000|  0%| F|  |TAMS 0x0000000085000000, 0x0000000085000000| Untracked 
|  81|0x0000000085100000, 0x0000000085100000, 0x0000000085200000|  0%| F|  |TAMS 0x0000000085100000, 0x0000000085100000| Untracked 
|  82|0x0000000085200000, 0x0000000085200000, 0x0000000085300000|  0%| F|  |TAMS 0x0000000085200000, 0x0000000085200000| Untracked 
|  83|0x0000000085300000, 0x0000000085300000, 0x0000000085400000|  0%| F|  |TAMS 0x0000000085300000, 0x0000000085300000| Untracked 
|  84|0x0000000085400000, 0x0000000085400000, 0x0000000085500000|  0%| F|  |TAMS 0x0000000085400000, 0x0000000085400000| Untracked 
|  85|0x0000000085500000, 0x0000000085500000, 0x0000000085600000|  0%| F|  |TAMS 0x0000000085500000, 0x0000000085500000| Untracked 
|  86|0x0000000085600000, 0x0000000085600000, 0x0000000085700000|  0%| F|  |TAMS 0x0000000085600000, 0x0000000085600000| Untracked 
|  87|0x0000000085700000, 0x0000000085700000, 0x0000000085800000|  0%| F|  |TAMS 0x0000000085700000, 0x0000000085700000| Untracked 
|  88|0x0000000085800000, 0x0000000085800000, 0x0000000085900000|  0%| F|  |TAMS 0x0000000085800000, 0x0000000085800000| Untracked 
|  89|0x0000000085900000, 0x0000000085900000, 0x0000000085a00000|  0%| F|  |TAMS 0x0000000085900000, 0x0000000085900000| Untracked 
|  90|0x0000000085a00000, 0x0000000085a00000, 0x0000000085b00000|  0%| F|  |TAMS 0x0000000085a00000, 0x0000000085a00000| Untracked 
|  91|0x0000000085b00000, 0x0000000085b00000, 0x0000000085c00000|  0%| F|  |TAMS 0x0000000085b00000, 0x0000000085b00000| Untracked 
|  92|0x0000000085c00000, 0x0000000085c00000, 0x0000000085d00000|  0%| F|  |TAMS 0x0000000085c00000, 0x0000000085c00000| Untracked 
|  93|0x0000000085d00000, 0x0000000085d00000, 0x0000000085e00000|  0%| F|  |TAMS 0x0000000085d00000, 0x0000000085d00000| Untracked 
|  94|0x0000000085e00000, 0x0000000085e00000, 0x0000000085f00000|  0%| F|  |TAMS 0x0000000085e00000, 0x0000000085e00000| Untracked 
|  95|0x0000000085f00000, 0x0000000085f00000, 0x0000000086000000|  0%| F|  |TAMS 0x0000000085f00000, 0x0000000085f00000| Untracked 
|  96|0x0000000086000000, 0x000000008608a550, 0x0000000086100000| 54%| E|  |TAMS 0x0000000086000000, 0x0000000086000000| Complete 
|  97|0x0000000086100000, 0x0000000086200000, 0x0000000086200000|100%| E|CS|TAMS 0x0000000086100000, 0x0000000086100000| Complete 
|  98|0x0000000086200000, 0x0000000086300000, 0x0000000086300000|100%| E|CS|TAMS 0x0000000086200000, 0x0000000086200000| Complete 

Card table byte_map: [0x0000015538a00000,0x0000015538e00000] _byte_map_base: 0x0000015538600000

Marking Bits (Prev, Next): (CMBitMap*) 0x0000015521f61300, (CMBitMap*) 0x0000015521f612c8
 Prev Bits: [0x000001553b200000, 0x000001553d200000)
 Next Bits: [0x0000015539200000, 0x000001553b200000)

Polling page: 0x000001551fde0000

Metaspace:

Usage:
  Non-class:     57.91 MB capacity,    56.78 MB ( 98%) used,   948.05 KB (  2%) free+waste,   211.94 KB ( <1%) overhead. 
      Class:      9.52 MB capacity,     8.71 MB ( 91%) used,   725.93 KB (  7%) free+waste,   105.06 KB (  1%) overhead. 
       Both:     67.43 MB capacity,    65.49 MB ( 97%) used,     1.63 MB (  2%) free+waste,   317.00 KB ( <1%) overhead. 

Virtual space:
  Non-class space:       58.00 MB reserved,      58.00 MB (100%) committed 
      Class space:      504.00 MB reserved,       9.62 MB (  2%) committed 
             Both:      562.00 MB reserved,      67.62 MB ( 12%) committed 

Chunk freelists:
   Non-Class:  3.62 KB
       Class:  1.00 KB
        Both:  4.62 KB

CodeHeap 'non-profiled nmethods': size=120064Kb used=4066Kb max_used=4066Kb free=115997Kb
 bounds [0x00000155310c0000, 0x00000155314c0000, 0x0000015538600000]
CodeHeap 'profiled nmethods': size=120000Kb used=15524Kb max_used=15524Kb free=104475Kb
 bounds [0x0000015529b90000, 0x000001552aac0000, 0x00000155310c0000]
CodeHeap 'non-nmethods': size=5696Kb used=2268Kb max_used=2308Kb free=3427Kb
 bounds [0x0000015529600000, 0x0000015529870000, 0x0000015529b90000]
 total_blobs=8208 nmethods=7344 adapters=775
 compilation: enabled
              stopped_count=0, restarted_count=0
 full_count=0

Compilation events (10 events):
Event: 78.454 Thread 0x000001553fee2000 7363       3       kotlin.reflect.jvm.internal.impl.metadata.jvm.JvmProtoBuf$JvmPropertySignature::isInitialized (25 bytes)
Event: 78.454 Thread 0x000001553fee2000 nmethod 7363 0x000001552aab8410 code [0x000001552aab85a0, 0x000001552aab8758]
Event: 78.454 Thread 0x000001553fee2000 7364       1       kotlin.collections.EmptyIterator::hasNext (2 bytes)
Event: 78.454 Thread 0x000001553fee2000 nmethod 7364 0x00000155314b8410 code [0x00000155314b85a0, 0x00000155314b8658]
Event: 78.457 Thread 0x000001553fee2000 7365       1       kotlin.reflect.jvm.internal.impl.descriptors.impl.ModuleDescriptorImpl::isValid (5 bytes)
Event: 78.457 Thread 0x000001553fee2000 nmethod 7365 0x00000155314b8710 code [0x00000155314b88a0, 0x00000155314b8958]
Event: 78.457 Thread 0x000001553fee2000 7366       3       kotlin.reflect.jvm.internal.impl.name.ClassId::getPackageFqName (13 bytes)
Event: 78.458 Thread 0x000001553fee2000 nmethod 7366 0x000001552aab8810 code [0x000001552aab89c0, 0x000001552aab8b48]
Event: 78.460 Thread 0x000001553fee2000 7367       3       java.util.Collections$UnmodifiableCollection::isEmpty (10 bytes)
Event: 78.460 Thread 0x000001553fee2000 nmethod 7367 0x000001552aab8c10 code [0x000001552aab8dc0, 0x000001552aab8f88]

GC Heap History (10 events):
Event: 67.340 GC heap before
{Heap before GC invocations=70 (full 0):
 garbage-first heap   total 83968K, used 60042K [0x0000000080000000, 0x0000000100000000)
  region size 1024K, 17 young (17408K), 2 survivors (2048K)
 Metaspace       used 61746K, capacity 63466K, committed 63744K, reserved 571392K
  class space    used 8143K, capacity 8870K, committed 8960K, reserved 516096K
}
Event: 67.345 GC heap after
{Heap after GC invocations=71 (full 0):
 garbage-first heap   total 83968K, used 46529K [0x0000000080000000, 0x0000000100000000)
  region size 1024K, 2 young (2048K), 2 survivors (2048K)
 Metaspace       used 61746K, capacity 63466K, committed 63744K, reserved 571392K
  class space    used 8143K, capacity 8870K, committed 8960K, reserved 516096K
}
Event: 69.420 GC heap before
{Heap before GC invocations=72 (full 0):
 garbage-first heap   total 83968K, used 62913K [0x0000000080000000, 0x0000000100000000)
  region size 1024K, 18 young (18432K), 2 survivors (2048K)
 Metaspace       used 63197K, capacity 64978K, committed 65280K, reserved 573440K
  class space    used 8368K, capacity 9114K, committed 9216K, reserved 516096K
}
Event: 69.429 GC heap after
{Heap after GC invocations=73 (full 0):
 garbage-first heap   total 83968K, used 47348K [0x0000000080000000, 0x0000000100000000)
  region size 1024K, 3 young (3072K), 3 survivors (3072K)
 Metaspace       used 63197K, capacity 64978K, committed 65280K, reserved 573440K
  class space    used 8368K, capacity 9114K, committed 9216K, reserved 516096K
}
Event: 70.397 GC heap before
{Heap before GC invocations=73 (full 0):
 garbage-first heap   total 83968K, used 63732K [0x0000000080000000, 0x0000000100000000)
  region size 1024K, 19 young (19456K), 3 survivors (3072K)
 Metaspace       used 63558K, capacity 65377K, committed 65536K, reserved 573440K
  class space    used 8427K, capacity 9206K, committed 9216K, reserved 516096K
}
Event: 70.412 GC heap after
{Heap after GC invocations=74 (full 0):
 garbage-first heap   total 101376K, used 48544K [0x0000000080000000, 0x0000000100000000)
  region size 1024K, 2 young (2048K), 2 survivors (2048K)
 Metaspace       used 63558K, capacity 65377K, committed 65536K, reserved 573440K
  class space    used 8427K, capacity 9206K, committed 9216K, reserved 516096K
}
Event: 73.846 GC heap before
{Heap before GC invocations=75 (full 0):
 garbage-first heap   total 101376K, used 72096K [0x0000000080000000, 0x0000000100000000)
  region size 1024K, 25 young (25600K), 2 survivors (2048K)
 Metaspace       used 64984K, capacity 66856K, committed 67072K, reserved 575488K
  class space    used 8618K, capacity 9412K, committed 9472K, reserved 516096K
}
Event: 73.867 GC heap after
{Heap after GC invocations=76 (full 0):
 garbage-first heap   total 101376K, used 50330K [0x0000000080000000, 0x0000000100000000)
  region size 1024K, 4 young (4096K), 4 survivors (4096K)
 Metaspace       used 64984K, capacity 66856K, committed 67072K, reserved 575488K
  class space    used 8618K, capacity 9412K, committed 9472K, reserved 516096K
}
Event: 77.706 GC heap before
{Heap before GC invocations=76 (full 0):
 garbage-first heap   total 101376K, used 73882K [0x0000000080000000, 0x0000000100000000)
  region size 1024K, 27 young (27648K), 4 survivors (4096K)
 Metaspace       used 66893K, capacity 68923K, committed 69248K, reserved 575488K
  class space    used 8904K, capacity 9752K, committed 9856K, reserved 516096K
}
Event: 77.744 GC heap after
{Heap after GC invocations=77 (full 0):
 garbage-first heap   total 101376K, used 51942K [0x0000000080000000, 0x0000000100000000)
  region size 1024K, 4 young (4096K), 4 survivors (4096K)
 Metaspace       used 66893K, capacity 68923K, committed 69248K, reserved 575488K
  class space    used 8904K, capacity 9752K, committed 9856K, reserved 516096K
}

Deoptimization events (10 events):
Event: 75.804 Thread 0x000001554052c800 Uncommon trap: reason=bimorphic_or_optimized_type_check action=maybe_recompile pc=0x000001553126a870 method=java.util.AbstractCollection.addAll(Ljava/util/Collection;)Z @ 29 c2
Event: 76.284 Thread 0x0000015542bb8800 Uncommon trap: reason=unstable_if action=reinterpret pc=0x000001553135cccc method=java.util.HashMap$HashIterator.<init>(Ljava/util/HashMap;)V @ 45 c2
Event: 76.341 Thread 0x0000015542bb6000 Uncommon trap: reason=class_check action=maybe_recompile pc=0x00000155311ee7a4 method=java.util.Collections$SetFromMap.remove(Ljava/lang/Object;)Z @ 5 c2
Event: 76.355 Thread 0x0000015542bb8800 Uncommon trap: reason=unstable_if action=reinterpret pc=0x0000015531340b74 method=java.util.HashMap$HashIterator.<init>(Ljava/util/HashMap;)V @ 45 c2
Event: 76.510 Thread 0x0000015542bb6000 Uncommon trap: reason=class_check action=maybe_recompile pc=0x00000155312e7964 method=java.util.stream.StreamOpFlag.fromCharacteristics(Ljava/util/Spliterator;)I @ 14 c2
Event: 76.600 Thread 0x0000015542bb4000 Uncommon trap: reason=unstable_if action=reinterpret pc=0x000001553146b444 method=com.esotericsoftware.kryo.io.Input.readVarInt(Z)I @ 42 c2
Event: 76.993 Thread 0x0000015542bb6000 Uncommon trap: reason=unstable_if action=reinterpret pc=0x00000155313eaeb0 method=java.lang.StringLatin1.compareToCI([B[B)I @ 68 c2
Event: 77.019 Thread 0x0000015542bb6000 Uncommon trap: reason=unstable_if action=reinterpret pc=0x0000015531466b7c method=com.google.common.collect.RegularImmutableSet.contains(Ljava/lang/Object;)Z @ 10 c2
Event: 77.036 Thread 0x0000015542bb6000 Uncommon trap: reason=unstable_if action=reinterpret pc=0x00000155313e96c8 method=org.gradle.internal.file.FileHierarchySet$Node.isChildOfOrThis(Ljava/lang/String;I)Z @ 89 c2
Event: 77.172 Thread 0x0000015542bb6000 Uncommon trap: reason=unstable_if action=reinterpret pc=0x000001553138cd80 method=java.lang.StringLatin1.compareToCI([B[B)I @ 68 c2

Classes redefined (0 events):
No events

Internal exceptions (10 events):
Event: 69.749 Thread 0x000001554052c800 Exception <a 'java/lang/ClassNotFoundException'{0x00000000849997e0}: org/gradle/api/internal/artifacts/dsl/DefaultRepositoryHandler_DecoratedCustomizer> (0x00000000849997e0) thrown at [./open/src/hotspot/share/classfile/systemDictionary.cpp, line 226]
Event: 69.762 Thread 0x000001554052c800 Exception <a 'java/lang/ClassNotFoundException'{0x0000000084876780}: org/gradle/api/internal/artifacts/dsl/dependencies/DefaultDependencyHandler_DecoratedBeanInfo> (0x0000000084876780) thrown at [./open/src/hotspot/share/classfile/systemDictionary.cpp, li
Event: 69.763 Thread 0x000001554052c800 Exception <a 'java/lang/ClassNotFoundException'{0x00000000848bcc48}: org/gradle/api/internal/artifacts/dsl/dependencies/DefaultDependencyHandlerBeanInfo> (0x00000000848bcc48) thrown at [./open/src/hotspot/share/classfile/systemDictionary.cpp, line 226]
Event: 69.765 Thread 0x000001554052c800 Exception <a 'java/lang/ClassNotFoundException'{0x00000000847037d8}: org/gradle/api/internal/artifacts/dsl/dependencies/DefaultDependencyHandlerCustomizer> (0x00000000847037d8) thrown at [./open/src/hotspot/share/classfile/systemDictionary.cpp, line 226]
Event: 69.771 Thread 0x000001554052c800 Exception <a 'java/lang/ClassNotFoundException'{0x0000000084774b08}: org/gradle/api/internal/artifacts/dsl/dependencies/DefaultDependencyHandler_DecoratedCustomizer> (0x0000000084774b08) thrown at [./open/src/hotspot/share/classfile/systemDictionary.cpp, 
Event: 70.543 Thread 0x000001554052c800 Exception <a 'java/lang/NoSuchMethodError'{0x00000000862fa288}: java.lang.invoke.Invokers$Holder.linkToTargetMethod(Ljava/lang/Object;ILjava/lang/Object;)Ljava/lang/Object;> (0x00000000862fa288) thrown at [./open/src/hotspot/share/interpreter/linkResolver
Event: 75.765 Thread 0x000001554052c800 Implicit null exception at 0x000001553124d24b to 0x000001553124d26c
Event: 76.326 Thread 0x0000015542bb6000 Exception <a 'java/lang/NoSuchMethodError'{0x0000000085583678}: java.lang.invoke.Invokers$Holder.linkToTargetMethod(Ljava/lang/Object;Ljava/lang/Object;Ljava/lang/Object;ILjava/lang/Object;Ljava/lang/Object;)Ljava/lang/Object;> (0x0000000085583678) thrown
Event: 77.019 Thread 0x0000015542bb6000 Implicit null exception at 0x00000155314669d7 to 0x0000015531466b64
Event: 77.072 Thread 0x0000015542bb6000 Exception <a 'java/lang/NoSuchMethodError'{0x000000008527ec30}: java.lang.invoke.DirectMethodHandle$Holder.invokeSpecial(Ljava/lang/Object;Ljava/lang/Object;Ljava/lang/Object;Ljava/lang/Object;Ljava/lang/Object;)I> (0x000000008527ec30) thrown at [./open/s

Events (10 events):
Event: 78.438 loading class kotlin/reflect/jvm/internal/impl/storage/SingleThreadValue
Event: 78.438 loading class kotlin/reflect/jvm/internal/impl/storage/SingleThreadValue done
Event: 78.443 loading class kotlin/reflect/jvm/internal/impl/types/AbstractTypeConstructor$supertypes$3$resultWithoutCycles$1
Event: 78.443 loading class kotlin/reflect/jvm/internal/impl/types/AbstractTypeConstructor$supertypes$3$resultWithoutCycles$1 done
Event: 78.446 loading class kotlin/reflect/jvm/internal/impl/types/AbstractTypeConstructor$supertypes$3$resultWithoutCycles$2
Event: 78.446 loading class kotlin/reflect/jvm/internal/impl/types/AbstractTypeConstructor$supertypes$3$resultWithoutCycles$2 done
Event: 78.470 loading class kotlin/reflect/jvm/internal/impl/serialization/deserialization/builtins/BuiltInsPackageFragmentImpl
Event: 78.470 loading class kotlin/reflect/jvm/internal/impl/serialization/deserialization/builtins/BuiltInsPackageFragmentImpl done
Event: 78.471 loading class kotlin/reflect/jvm/internal/impl/builtins/BuiltInsPackageFragment
Event: 78.471 loading class kotlin/reflect/jvm/internal/impl/builtins/BuiltInsPackageFragment done


Dynamic libraries:
0x00007ff6fabc0000 - 0x00007ff6fabd0000 	C:\Program Files\Java\jdk-11\bin\java.exe
0x00007ffe1fb30000 - 0x00007ffe1fd28000 	C:\Windows\SYSTEM32\ntdll.dll
0x00007ffe1f0b0000 - 0x00007ffe1f16f000 	C:\Windows\System32\KERNEL32.DLL
0x00007ffe1d740000 - 0x00007ffe1da36000 	C:\Windows\System32\KERNELBASE.dll
0x00007ffe1d2a0000 - 0x00007ffe1d3a0000 	C:\Windows\System32\ucrtbase.dll
0x00007ffe11030000 - 0x00007ffe11048000 	C:\Program Files\Java\jdk-11\bin\jli.dll
0x00007ffe11010000 - 0x00007ffe1102b000 	C:\Program Files\Java\jdk-11\bin\VCRUNTIME140.dll
0x00007ffe1f480000 - 0x00007ffe1f52f000 	C:\Windows\System32\ADVAPI32.dll
0x00007ffe1e610000 - 0x00007ffe1e6ae000 	C:\Windows\System32\msvcrt.dll
0x00007ffe1db90000 - 0x00007ffe1dc2c000 	C:\Windows\System32\sechost.dll
0x00007ffe1dde0000 - 0x00007ffe1df06000 	C:\Windows\System32\RPCRT4.dll
0x00007ffe1e6b0000 - 0x00007ffe1e84d000 	C:\Windows\System32\USER32.dll
0x00007ffe1d5f0000 - 0x00007ffe1d612000 	C:\Windows\System32\win32u.dll
0x00007ffe1f170000 - 0x00007ffe1f19c000 	C:\Windows\System32\GDI32.dll
0x00007ffe1d620000 - 0x00007ffe1d735000 	C:\Windows\System32\gdi32full.dll
0x00007ffe1d3a0000 - 0x00007ffe1d43d000 	C:\Windows\System32\msvcp_win.dll
0x00007ffe096a0000 - 0x00007ffe0993a000 	C:\Windows\WinSxS\amd64_microsoft.windows.common-controls_6595b64144ccf1df_6.0.19041.1110_none_60b5254171f9507e\COMCTL32.dll
0x00007ffe0dce0000 - 0x00007ffe0dcea000 	C:\Windows\SYSTEM32\VERSION.dll
0x00007ffe1f200000 - 0x00007ffe1f230000 	C:\Windows\System32\IMM32.DLL
0x00007ffe11000000 - 0x00007ffe1100c000 	C:\Program Files\Java\jdk-11\bin\vcruntime140_1.dll
0x00007ffe10f70000 - 0x00007ffe10ffe000 	C:\Program Files\Java\jdk-11\bin\msvcp140.dll
0x00007ffdc0440000 - 0x00007ffdc0fa8000 	C:\Program Files\Java\jdk-11\bin\server\jvm.dll
0x00007ffe1f410000 - 0x00007ffe1f418000 	C:\Windows\System32\PSAPI.DLL
0x00007ffe0daf0000 - 0x00007ffe0db17000 	C:\Windows\SYSTEM32\WINMM.dll
0x00007ffe19090000 - 0x00007ffe19099000 	C:\Windows\SYSTEM32\WSOCK32.dll
0x00007ffe1f230000 - 0x00007ffe1f29b000 	C:\Windows\System32\WS2_32.dll
0x00007ffe1b090000 - 0x00007ffe1b0a2000 	C:\Windows\SYSTEM32\kernel.appcore.dll
0x00007ffe10f60000 - 0x00007ffe10f70000 	C:\Program Files\Java\jdk-11\bin\verify.dll
0x00007ffe15580000 - 0x00007ffe15764000 	C:\Windows\SYSTEM32\DBGHELP.DLL
0x00007ffe14f40000 - 0x00007ffe14f74000 	C:\Windows\SYSTEM32\dbgcore.DLL
0x00007ffe1d210000 - 0x00007ffe1d292000 	C:\Windows\System32\bcryptPrimitives.dll
0x00007ffe10f30000 - 0x00007ffe10f58000 	C:\Program Files\Java\jdk-11\bin\java.dll
0x00007ffe10f20000 - 0x00007ffe10f2a000 	C:\Program Files\Java\jdk-11\bin\jimage.dll
0x00007ffe10f00000 - 0x00007ffe10f17000 	C:\Program Files\Java\jdk-11\bin\zip.dll
0x00007ffe1e850000 - 0x00007ffe1ef94000 	C:\Windows\System32\SHELL32.dll
0x00007ffe1b290000 - 0x00007ffe1ba23000 	C:\Windows\SYSTEM32\windows.storage.dll
0x00007ffe1f790000 - 0x00007ffe1fae4000 	C:\Windows\System32\combase.dll
0x00007ffe1cab0000 - 0x00007ffe1cade000 	C:\Windows\SYSTEM32\Wldp.dll
0x00007ffe1f000000 - 0x00007ffe1f0ad000 	C:\Windows\System32\SHCORE.dll
0x00007ffe1efa0000 - 0x00007ffe1eff5000 	C:\Windows\System32\shlwapi.dll
0x00007ffe1d150000 - 0x00007ffe1d16f000 	C:\Windows\SYSTEM32\profapi.dll
0x00007ffdf6920000 - 0x00007ffdf6939000 	C:\Program Files\Java\jdk-11\bin\net.dll
0x00007ffe152c0000 - 0x00007ffe153ca000 	C:\Windows\SYSTEM32\WINHTTP.dll
0x00007ffe1c890000 - 0x00007ffe1c8fa000 	C:\Windows\system32\mswsock.dll
0x00007ffdf5b00000 - 0x00007ffdf5b12000 	C:\Program Files\Java\jdk-11\bin\nio.dll
0x00007ffe182c0000 - 0x00007ffe182e7000 	C:\Users\User\.gradle\native\e1d6ef7f7dcc3fd88c89a11ec53ec762bb8ba0a96d01ffa2cd45eb1d1d8dd5c5\windows-amd64\native-platform.dll
0x00007ffe05830000 - 0x00007ffe05974000 	C:\Users\User\.gradle\native\0d407fdbe67a94daf76414ababcb853783967236a71b16ec16e742cd7a986fd3\windows-amd64\native-platform-file-events.dll
0x00007ffe17c40000 - 0x00007ffe17c49000 	C:\Program Files\Java\jdk-11\bin\management.dll
0x00007ffe14290000 - 0x00007ffe1429b000 	C:\Program Files\Java\jdk-11\bin\management_ext.dll
0x00007ffe1caf0000 - 0x00007ffe1cb08000 	C:\Windows\SYSTEM32\CRYPTSP.dll
0x00007ffe1c1d0000 - 0x00007ffe1c204000 	C:\Windows\system32\rsaenh.dll
0x00007ffe1dab0000 - 0x00007ffe1dad7000 	C:\Windows\System32\bcrypt.dll
0x00007ffe1d110000 - 0x00007ffe1d13e000 	C:\Windows\SYSTEM32\USERENV.dll
0x00007ffe1ca20000 - 0x00007ffe1ca2c000 	C:\Windows\SYSTEM32\CRYPTBASE.dll
0x00007ffe1c5a0000 - 0x00007ffe1c5dc000 	C:\Windows\SYSTEM32\IPHLPAPI.DLL
0x00007ffe1e110000 - 0x00007ffe1e118000 	C:\Windows\System32\NSI.dll
0x00007ffe166d0000 - 0x00007ffe166e7000 	C:\Windows\SYSTEM32\dhcpcsvc6.DLL
0x00007ffe178f0000 - 0x00007ffe1790d000 	C:\Windows\SYSTEM32\dhcpcsvc.DLL
0x00007ffe1c5e0000 - 0x00007ffe1c6ab000 	C:\Windows\SYSTEM32\DNSAPI.dll

dbghelp: loaded successfully - version: 4.0.5 - missing functions: none
symbol engine: initialized successfully - sym options: 0x614 - pdb path: .;C:\Program Files\Java\jdk-11\bin;C:\Windows\SYSTEM32;C:\Windows\WinSxS\amd64_microsoft.windows.common-controls_6595b64144ccf1df_6.0.19041.1110_none_60b5254171f9507e;C:\Program Files\Java\jdk-11\bin\server;C:\Users\User\.gradle\native\e1d6ef7f7dcc3fd88c89a11ec53ec762bb8ba0a96d01ffa2cd45eb1d1d8dd5c5\windows-amd64;C:\Users\User\.gradle\native\0d407fdbe67a94daf76414ababcb853783967236a71b16ec16e742cd7a986fd3\windows-amd64

VM Arguments:
jvm_args: -XX:MaxMetaspaceSize=512m --add-opens=java.base/java.util=ALL-UNNAMED --add-opens=java.base/java.lang=ALL-UNNAMED --add-opens=java.base/java.lang.invoke=ALL-UNNAMED --add-opens=java.base/java.util=ALL-UNNAMED --add-opens=java.prefs/java.util.prefs=ALL-UNNAMED --add-opens=java.prefs/java.util.prefs=ALL-UNNAMED --add-opens=java.base/java.nio.charset=ALL-UNNAMED --add-opens=java.base/java.net=ALL-UNNAMED --add-opens=java.base/java.util.concurrent.atomic=ALL-UNNAMED -Xmx2048m -Dfile.encoding=windows-1252 -Duser.country=US -Duser.language=en -Duser.variant 
java_command: org.gradle.launcher.daemon.bootstrap.GradleDaemon 7.5.1
java_class_path (initial): C:\Users\User\.gradle\wrapper\dists\gradle-7.5.1-all\1ehga6e77gqps5uk2kc5kf1vc\gradle-7.5.1\lib\gradle-launcher-7.5.1.jar
Launcher Type: SUN_STANDARD

[Global flags]
     intx CICompilerCount                          = 3                                         {product} {ergonomic}
   size_t CompressedClassSpaceSize                 = 528482304                                 {product} {ergonomic}
     uint ConcGCThreads                            = 1                                         {product} {ergonomic}
     uint G1ConcRefinementThreads                  = 4                                         {product} {ergonomic}
   size_t G1HeapRegionSize                         = 1048576                                   {product} {ergonomic}
    uintx GCDrainStackTargetSize                   = 64                                        {product} {ergonomic}
   size_t InitialHeapSize                          = 58720256                                  {product} {ergonomic}
   size_t MarkStackSize                            = 4194304                                   {product} {ergonomic}
   size_t MaxHeapSize                              = 2147483648                                {product} {command line}
   size_t MaxMetaspaceSize                         = 536870912                                 {product} {command line}
   size_t MaxNewSize                               = 1287651328                                {product} {ergonomic}
   size_t MinHeapDeltaBytes                        = 1048576                                   {product} {ergonomic}
    uintx NonNMethodCodeHeapSize                   = 5830732                                {pd product} {ergonomic}
    uintx NonProfiledCodeHeapSize                  = 122913754                              {pd product} {ergonomic}
    uintx ProfiledCodeHeapSize                     = 122913754                              {pd product} {ergonomic}
    uintx ReservedCodeCacheSize                    = 251658240                              {pd product} {ergonomic}
     bool SegmentedCodeCache                       = true                                      {product} {ergonomic}
     bool UseCompressedClassPointers               = true                                 {lp64_product} {ergonomic}
     bool UseCompressedOops                        = true                                 {lp64_product} {ergonomic}
     bool UseG1GC                                  = true                                      {product} {ergonomic}
     bool UseLargePagesIndividualAllocation        = false                                  {pd product} {ergonomic}

Logging:
Log output configuration:
 #0: stdout all=warning uptime,level,tags
 #1: stderr all=off uptime,level,tags

Environment Variables:
CLASSPATH=C:\Users\User\UnklabCanteen\android\\gradle\wrapper\gradle-wrapper.jar
PATH=C:\Users\User\UnklabCanteen\android\node_modules\.bin;C:\Users\User\UnklabCanteen\node_modules\.bin;C:\Users\User\node_modules\.bin;C:\Users\node_modules\.bin;C:\node_modules\.bin;C:\Program Files\nodejs;C:\Users\User\UnklabCanteen\node_modules\.bin;C:\Users\User\UnklabCanteen\node_modules\.bin;C:\Users\User\node_modules\.bin;C:\Users\node_modules\.bin;C:\node_modules\.bin;C:\Program Files\nodejs\node_modules\npm\node_modules\@npmcli\run-script\lib\node-gyp-bin;C:\Users\User\UnklabCanteen\node_modules\.bin;C:\Users\User\node_modules\.bin;C:\Users\node_modules\.bin;C:\node_modules\.bin;C:\Program Files\nodejs;C:\Users\User\UnklabCanteen\node_modules\.bin;C:\Users\User\UnklabCanteen\node_modules\.bin;C:\Users\User\node_modules\.bin;C:\Users\node_modules\.bin;C:\node_modules\.bin;C:\Program Files\nodejs\node_modules\npm\node_modules\@npmcli\run-script\lib\node-gyp-bin;C:\Program Files\Common Files\Oracle\Java\javapath;C:\Windows\system32;C:\Windows;C:\Windows\System32\Wbem;C:\Windows\System32\WindowsPowerShell\v1.0\;C:\Windows\System32\OpenSSH\;C:\Program Files\Microsoft SQL Server\150\Tools\Binn\;C:\Program Files\Git\cmd;C:\Program Files\nodejs\;C:\Users\User\AppData\Local\Android\Sdk\platform-tools;C:\Users\User\AppData\Local\Microsoft\WindowsApps;C:\Users\User\AppData\Local\Programs\Microsoft VS Code\bin;C:\Users\User\AppData\Roaming\npm;C:\Users\User\AppData\Local\Android\Sdk\platform-tools;
USERNAME=User
OS=Windows_NT
PROCESSOR_IDENTIFIER=AMD64 Family 23 Model 24 Stepping 1, AuthenticAMD



---------------  S Y S T E M  ---------------

OS: Windows 10 , 64 bit Build 19041 (10.0.19041.2913)
Hyper-V role detected

CPU:total 4 (initial active 4) (4 cores per cpu, 2 threads per core) family 23 model 24 stepping 1 microcode 0x0, cmov, cx8, fxsr, mmx, sse, sse2, sse3, ssse3, sse4.1, sse4.2, popcnt, avx, avx2, aes, clmul, mmxext, 3dnowpref, lzcnt, sse4a, ht, tsc, tscinvbit, tscinv, bmi1, bmi2, adx, s

Memory: 4k page, system-wide physical 3460M (21M free)
TotalPageFile size 14212M (AvailPageFile size 4M)
current process WorkingSet (physical memory assigned to process): 172M, peak: 174M
current process commit charge ("private bytes"): 320M, peak: 321M

vm_info: Java HotSpot(TM) 64-Bit Server VM (11.0.18+9-LTS-195) for windows-amd64 JRE (11.0.18+9-LTS-195), built on Dec  6 2022 15:50:58 by "mach5one" with MS VC++ 17.1 (VS2022)

END.
